TpTrace Verbose: 0 : 23624, 1, 2023/11/26, 10:41:38.898, 131786246037, vstest.console.dll, Version: 17.7.2-release-23423-01 Current process architecture: X64
TpTrace Verbose: 0 : 23624, 1, 2023/11/26, 10:41:38.902, 131786286105, vstest.console.dll, Runtime location: C:\Program Files\dotnet\shared\Microsoft.NETCore.App\7.0.13
TpTrace Verbose: 0 : 23624, 1, 2023/11/26, 10:41:38.911, 131786369901, vstest.console.dll, ArtifactProcessingPostProcessModeProcessorExecutor.Initialize: ArtifactProcessingMode.Collect
TpTrace Verbose: 0 : 23624, 1, 2023/11/26, 10:41:38.911, 131786373628, vstest.console.dll, TestSessionCorrelationIdProcessorModeProcessorExecutor.Initialize: TestSessionCorrelationId '20784_d79cf323-1d17-4f84-87de-f3e739a0d3ac'
TpTrace Information: 0 : 23624, 1, 2023/11/26, 10:41:38.943, 131786691116, vstest.console.dll, FilePatternParser: The given file E:\Oral_Data_Produccion\OralData\OralData.UnitTest\bin\Debug\net7.0\fine-code-coverage\build-output\OralData.UnitTest.dll is a full path.
TpTrace Verbose: 0 : 23624, 1, 2023/11/26, 10:41:38.972, 131786980026, vstest.console.dll, TestPluginCache.DiscoverTestExtensions: finding test extensions in assemblies ends with: RuntimeProvider.dll TPluginInfo: Microsoft.VisualStudio.TestPlatform.Common.ExtensionFramework.Utilities.TestRuntimePluginInformation TExtension: Microsoft.VisualStudio.TestPlatform.ObjectModel.Host.ITestRuntimeProvider
TpTrace Verbose: 0 : 23624, 1, 2023/11/26, 10:41:38.973, 131786992226, vstest.console.dll, TestPluginCache.GetExtensionPaths: Filtered extension paths: 
TpTrace Verbose: 0 : 23624, 1, 2023/11/26, 10:41:38.973, 131786995787, vstest.console.dll, TestPluginCache.GetExtensionPaths: Added default extension paths: C:\Program Files\dotnet\sdk\7.0.403\Extensions\Microsoft.Diagnostics.NETCore.Client.dll
C:\Program Files\dotnet\sdk\7.0.403\Extensions\Microsoft.TestPlatform.Extensions.BlameDataCollector.dll
C:\Program Files\dotnet\sdk\7.0.403\Extensions\Microsoft.TestPlatform.Extensions.EventLogCollector.dll
C:\Program Files\dotnet\sdk\7.0.403\Extensions\Microsoft.TestPlatform.TestHostRuntimeProvider.dll
C:\Program Files\dotnet\sdk\7.0.403\Extensions\Microsoft.VisualStudio.TestPlatform.Extensions.Html.TestLogger.dll
C:\Program Files\dotnet\sdk\7.0.403\Extensions\Microsoft.VisualStudio.TestPlatform.Extensions.Trx.TestLogger.dll
TpTrace Verbose: 0 : 23624, 1, 2023/11/26, 10:41:38.973, 131786997539, vstest.console.dll, TestPluginCache.GetExtensionPaths: Added unfilterableExtensionPaths: 
TpTrace Information: 0 : 23624, 1, 2023/11/26, 10:41:38.976, 131787025019, vstest.console.dll, AssemblyResolver.ctor: Creating AssemblyResolver with searchDirectories C:\Program Files\dotnet\sdk\7.0.403\Extensions,C:\Program Files\dotnet\sdk\7.0.403
TpTrace Verbose: 0 : 23624, 1, 2023/11/26, 10:41:38.981, 131787078033, vstest.console.dll, TestPluginCache.DiscoverTestExtensions: Discovering the extensions using extension path.
TpTrace Verbose: 0 : 23624, 1, 2023/11/26, 10:41:38.982, 131787086740, vstest.console.dll, TestPluginCache.GetExtensionPaths: Filtered extension paths: 
TpTrace Verbose: 0 : 23624, 1, 2023/11/26, 10:41:38.983, 131787090667, vstest.console.dll, TestPluginCache.GetExtensionPaths: Added default extension paths: C:\Program Files\dotnet\sdk\7.0.403\Extensions\Microsoft.Diagnostics.NETCore.Client.dll
C:\Program Files\dotnet\sdk\7.0.403\Extensions\Microsoft.TestPlatform.Extensions.BlameDataCollector.dll
C:\Program Files\dotnet\sdk\7.0.403\Extensions\Microsoft.TestPlatform.Extensions.EventLogCollector.dll
C:\Program Files\dotnet\sdk\7.0.403\Extensions\Microsoft.TestPlatform.TestHostRuntimeProvider.dll
C:\Program Files\dotnet\sdk\7.0.403\Extensions\Microsoft.VisualStudio.TestPlatform.Extensions.Html.TestLogger.dll
C:\Program Files\dotnet\sdk\7.0.403\Extensions\Microsoft.VisualStudio.TestPlatform.Extensions.Trx.TestLogger.dll
TpTrace Verbose: 0 : 23624, 1, 2023/11/26, 10:41:38.983, 131787093476, vstest.console.dll, TestPluginCache.GetExtensionPaths: Added unfilterableExtensionPaths: 
TpTrace Verbose: 0 : 23624, 1, 2023/11/26, 10:41:38.984, 131787099113, vstest.console.dll, TestPluginCache.DiscoverTestExtensions: Discovering the extensions using allExtensionPaths: C:\Program Files\dotnet\sdk\7.0.403\Extensions\Microsoft.Diagnostics.NETCore.Client.dll
C:\Program Files\dotnet\sdk\7.0.403\Extensions\Microsoft.TestPlatform.Extensions.BlameDataCollector.dll
C:\Program Files\dotnet\sdk\7.0.403\Extensions\Microsoft.TestPlatform.Extensions.EventLogCollector.dll
C:\Program Files\dotnet\sdk\7.0.403\Extensions\Microsoft.TestPlatform.TestHostRuntimeProvider.dll
C:\Program Files\dotnet\sdk\7.0.403\Extensions\Microsoft.VisualStudio.TestPlatform.Extensions.Html.TestLogger.dll
C:\Program Files\dotnet\sdk\7.0.403\Extensions\Microsoft.VisualStudio.TestPlatform.Extensions.Trx.TestLogger.dll
TpTrace Information: 0 : 23624, 1, 2023/11/26, 10:41:38.984, 131787107922, vstest.console.dll, AssemblyResolver.AddSearchDirectories: Adding more searchDirectories C:\Program Files\dotnet\sdk\7.0.403\Extensions,C:\Program Files\dotnet\sdk\7.0.403
TpTrace Information: 0 : 23624, 1, 2023/11/26, 10:41:38.985, 131787112900, vstest.console.dll, AssemblyResolver.AddSearchDirectories: Adding more searchDirectories C:\Program Files\dotnet\sdk\7.0.403\Extensions,C:\Program Files\dotnet\sdk\7.0.403
TpTrace Information: 0 : 23624, 1, 2023/11/26, 10:41:38.985, 131787115225, vstest.console.dll, AssemblyResolver.AddSearchDirectories: Adding more searchDirectories C:\Program Files\dotnet\sdk\7.0.403\Extensions,C:\Program Files\dotnet\sdk\7.0.403
TpTrace Information: 0 : 23624, 1, 2023/11/26, 10:41:38.985, 131787116325, vstest.console.dll, AssemblyResolver.AddSearchDirectories: Adding more searchDirectories C:\Program Files\dotnet\sdk\7.0.403\Extensions,C:\Program Files\dotnet\sdk\7.0.403
TpTrace Information: 0 : 23624, 1, 2023/11/26, 10:41:38.985, 131787118027, vstest.console.dll, AssemblyResolver.AddSearchDirectories: Adding more searchDirectories C:\Program Files\dotnet\sdk\7.0.403\Extensions,C:\Program Files\dotnet\sdk\7.0.403
TpTrace Information: 0 : 23624, 1, 2023/11/26, 10:41:38.986, 131787119503, vstest.console.dll, AssemblyResolver.AddSearchDirectories: Adding more searchDirectories C:\Program Files\dotnet\sdk\7.0.403\Extensions,C:\Program Files\dotnet\sdk\7.0.403
TpTrace Information: 0 : 23624, 1, 2023/11/26, 10:41:38.988, 131787148325, vstest.console.dll, AssemblyResolver.OnResolve: Microsoft.Diagnostics.NETCore.Client: Resolving assembly.
TpTrace Information: 0 : 23624, 1, 2023/11/26, 10:41:38.989, 131787155642, vstest.console.dll, AssemblyResolver.OnResolve: Microsoft.Diagnostics.NETCore.Client: Searching in: 'C:\Program Files\dotnet\sdk\7.0.403\Extensions'.
TpTrace Information: 0 : 23624, 1, 2023/11/26, 10:41:39.024, 131787504603, vstest.console.dll, AssemblyResolver.OnResolve: Microsoft.Diagnostics.NETCore.Client: Loading assembly 'C:\Program Files\dotnet\sdk\7.0.403\Extensions\Microsoft.Diagnostics.NETCore.Client.dll'.
TpTrace Information: 0 : 23624, 1, 2023/11/26, 10:41:39.081, 131788069799, vstest.console.dll, AssemblyResolver.OnResolve: Resolved assembly: Microsoft.Diagnostics.NETCore.Client, from path: C:\Program Files\dotnet\sdk\7.0.403\Extensions\Microsoft.Diagnostics.NETCore.Client.dll
TpTrace Verbose: 0 : 23624, 1, 2023/11/26, 10:41:39.083, 131788096497, vstest.console.dll, MetadataReaderExtensionsHelper: Discovering extensions inside assembly 'Microsoft.Diagnostics.NETCore.Client, Version=0.2.8.21101, Culture=neutral, PublicKeyToken=31bf3856ad364e35' file path 'C:\Program Files\dotnet\sdk\7.0.403\Extensions\Microsoft.Diagnostics.NETCore.Client.dll'
TpTrace Information: 0 : 23624, 1, 2023/11/26, 10:41:39.091, 131788173523, vstest.console.dll, AssemblyResolver.OnResolve: Microsoft.Bcl.AsyncInterfaces: Resolving assembly.
TpTrace Information: 0 : 23624, 1, 2023/11/26, 10:41:39.091, 131788175390, vstest.console.dll, AssemblyResolver.OnResolve: Microsoft.Bcl.AsyncInterfaces: Searching in: 'C:\Program Files\dotnet\sdk\7.0.403\Extensions'.
TpTrace Information: 0 : 23624, 1, 2023/11/26, 10:41:39.091, 131788176765, vstest.console.dll, AssemblyResolver.OnResolve: Microsoft.Bcl.AsyncInterfaces: Assembly path does not exist: 'C:\Program Files\dotnet\sdk\7.0.403\Extensions\Microsoft.Bcl.AsyncInterfaces.dll', returning.
TpTrace Information: 0 : 23624, 1, 2023/11/26, 10:41:39.091, 131788178522, vstest.console.dll, AssemblyResolver.OnResolve: Microsoft.Bcl.AsyncInterfaces: Assembly path does not exist: 'C:\Program Files\dotnet\sdk\7.0.403\Extensions\Microsoft.Bcl.AsyncInterfaces.exe', returning.
TpTrace Information: 0 : 23624, 1, 2023/11/26, 10:41:39.092, 131788179253, vstest.console.dll, AssemblyResolver.OnResolve: Microsoft.Bcl.AsyncInterfaces: Searching in: 'C:\Program Files\dotnet\sdk\7.0.403'.
TpTrace Information: 0 : 23624, 1, 2023/11/26, 10:41:39.092, 131788180066, vstest.console.dll, AssemblyResolver.OnResolve: Microsoft.Bcl.AsyncInterfaces: Assembly path does not exist: 'C:\Program Files\dotnet\sdk\7.0.403\Microsoft.Bcl.AsyncInterfaces.dll', returning.
TpTrace Information: 0 : 23624, 1, 2023/11/26, 10:41:39.092, 131788180702, vstest.console.dll, AssemblyResolver.OnResolve: Microsoft.Bcl.AsyncInterfaces: Assembly path does not exist: 'C:\Program Files\dotnet\sdk\7.0.403\Microsoft.Bcl.AsyncInterfaces.exe', returning.
TpTrace Information: 0 : 23624, 1, 2023/11/26, 10:41:39.092, 131788181260, vstest.console.dll, AssemblyResolver.OnResolve: Microsoft.Bcl.AsyncInterfaces: Failed to load assembly.
TpTrace Verbose: 0 : 23624, 1, 2023/11/26, 10:41:39.092, 131788182099, vstest.console.dll, CurrentDomainAssemblyResolve: Resolving assembly 'Microsoft.Bcl.AsyncInterfaces'.
TpTrace Information: 0 : 23624, 1, 2023/11/26, 10:41:39.092, 131788183195, vstest.console.dll, AssemblyResolver.OnResolve: Microsoft.Bcl.AsyncInterfaces: Resolving assembly.
TpTrace Information: 0 : 23624, 1, 2023/11/26, 10:41:39.092, 131788183845, vstest.console.dll, AssemblyResolver.OnResolve: Microsoft.Bcl.AsyncInterfaces: Resolved from cache.
TpTrace Verbose: 0 : 23624, 1, 2023/11/26, 10:41:39.092, 131788184367, vstest.console.dll, CurrentDomainAssemblyResolve: Resolving assembly 'Microsoft.Bcl.AsyncInterfaces'.
TpTrace Verbose: 0 : 23624, 1, 2023/11/26, 10:41:39.092, 131788184851, vstest.console.dll, CurrentDomainAssemblyResolve: Failed to resolve assembly 'Microsoft.Bcl.AsyncInterfaces'.
TpTrace Verbose: 0 : 23624, 1, 2023/11/26, 10:41:39.094, 131788205391, vstest.console.dll, CurrentDomainAssemblyResolve: Failed to resolve assembly 'Microsoft.Bcl.AsyncInterfaces'.
TpTrace Warning: 0 : 23624, 1, 2023/11/26, 10:41:39.111, 131788369005, vstest.console.dll, TestPluginDiscoverer: Failed to get types from assembly 'Microsoft.Diagnostics.NETCore.Client, Version=0.2.8.21101, Culture=neutral, PublicKeyToken=31bf3856ad364e35'. Error: System.Reflection.ReflectionTypeLoadException: Unable to load one or more of the requested types.
Could not load file or assembly 'Microsoft.Bcl.AsyncInterfaces, Version=1.0.0.0, Culture=neutral, PublicKeyToken=cc7b13ffcd2ddd51'. El sistema no puede encontrar el archivo especificado.
   at System.Reflection.RuntimeModule.GetTypes(RuntimeModule module)
   at System.Reflection.Assembly.GetTypes()
   at Microsoft.VisualStudio.TestPlatform.Common.ExtensionFramework.TestPluginDiscoverer.GetTestExtensionsFromAssembly[TPluginInfo,TExtension](Assembly assembly, Dictionary`2 pluginInfos, String filePath) in /_/src/Microsoft.TestPlatform.Common/ExtensionFramework/TestPluginDiscoverer.cs:line 158
System.IO.FileNotFoundException: Could not load file or assembly 'Microsoft.Bcl.AsyncInterfaces, Version=1.0.0.0, Culture=neutral, PublicKeyToken=cc7b13ffcd2ddd51'. El sistema no puede encontrar el archivo especificado.
File name: 'Microsoft.Bcl.AsyncInterfaces, Version=1.0.0.0, Culture=neutral, PublicKeyToken=cc7b13ffcd2ddd51'
 ---> System.IO.FileNotFoundException: Could not load file or assembly 'Microsoft.Bcl.AsyncInterfaces, Culture=neutral, PublicKeyToken=null'. El sistema no puede encontrar el archivo especificado.
File name: 'Microsoft.Bcl.AsyncInterfaces, Culture=neutral, PublicKeyToken=null'
   at System.Reflection.RuntimeAssembly.InternalLoad(AssemblyName assemblyName, StackCrawlMark& stackMark, AssemblyLoadContext assemblyLoadContext, RuntimeAssembly requestingAssembly, Boolean throwOnFileNotFound)
   at System.Reflection.Assembly.Load(AssemblyName assemblyRef)
   at Microsoft.VisualStudio.TestPlatform.Common.ExtensionFramework.TestPluginCache.CurrentDomainAssemblyResolve(Object sender, AssemblyResolveEventArgs args) in /_/src/Microsoft.TestPlatform.Common/ExtensionFramework/TestPluginCache.cs:line 513
   at System.Runtime.Loader.AssemblyLoadContext.GetFirstResolvedAssemblyFromResolvingEvent(AssemblyName assemblyName)
   at System.Runtime.Loader.AssemblyLoadContext.ResolveUsingEvent(AssemblyName assemblyName)
   at System.Runtime.Loader.AssemblyLoadContext.ResolveUsingResolvingEvent(IntPtr gchManagedAssemblyLoadContext, AssemblyName assemblyName)
TpTrace Warning: 0 : 23624, 1, 2023/11/26, 10:41:39.111, 131788376330, vstest.console.dll, LoaderExceptions: System.IO.FileNotFoundException: Could not load file or assembly 'Microsoft.Bcl.AsyncInterfaces, Version=1.0.0.0, Culture=neutral, PublicKeyToken=cc7b13ffcd2ddd51'. El sistema no puede encontrar el archivo especificado.
File name: 'Microsoft.Bcl.AsyncInterfaces, Version=1.0.0.0, Culture=neutral, PublicKeyToken=cc7b13ffcd2ddd51'
 ---> System.IO.FileNotFoundException: Could not load file or assembly 'Microsoft.Bcl.AsyncInterfaces, Culture=neutral, PublicKeyToken=null'. El sistema no puede encontrar el archivo especificado.
File name: 'Microsoft.Bcl.AsyncInterfaces, Culture=neutral, PublicKeyToken=null'
   at System.Reflection.RuntimeAssembly.InternalLoad(AssemblyName assemblyName, StackCrawlMark& stackMark, AssemblyLoadContext assemblyLoadContext, RuntimeAssembly requestingAssembly, Boolean throwOnFileNotFound)
   at System.Reflection.Assembly.Load(AssemblyName assemblyRef)
   at Microsoft.VisualStudio.TestPlatform.Common.ExtensionFramework.TestPluginCache.CurrentDomainAssemblyResolve(Object sender, AssemblyResolveEventArgs args) in /_/src/Microsoft.TestPlatform.Common/ExtensionFramework/TestPluginCache.cs:line 513
   at System.Runtime.Loader.AssemblyLoadContext.GetFirstResolvedAssemblyFromResolvingEvent(AssemblyName assemblyName)
   at System.Runtime.Loader.AssemblyLoadContext.ResolveUsingEvent(AssemblyName assemblyName)
   at System.Runtime.Loader.AssemblyLoadContext.ResolveUsingResolvingEvent(IntPtr gchManagedAssemblyLoadContext, AssemblyName assemblyName)
TpTrace Information: 0 : 23624, 1, 2023/11/26, 10:41:39.112, 131788379898, vstest.console.dll, AssemblyResolver.OnResolve: Microsoft.TestPlatform.Extensions.BlameDataCollector: Resolving assembly.
TpTrace Information: 0 : 23624, 1, 2023/11/26, 10:41:39.112, 131788381186, vstest.console.dll, AssemblyResolver.OnResolve: Microsoft.TestPlatform.Extensions.BlameDataCollector: Searching in: 'C:\Program Files\dotnet\sdk\7.0.403\Extensions'.
TpTrace Information: 0 : 23624, 1, 2023/11/26, 10:41:39.113, 131788397531, vstest.console.dll, AssemblyResolver.OnResolve: Microsoft.TestPlatform.Extensions.BlameDataCollector: Loading assembly 'C:\Program Files\dotnet\sdk\7.0.403\Extensions\Microsoft.TestPlatform.Extensions.BlameDataCollector.dll'.
TpTrace Information: 0 : 23624, 1, 2023/11/26, 10:41:39.116, 131788425115, vstest.console.dll, AssemblyResolver.OnResolve: Resolved assembly: Microsoft.TestPlatform.Extensions.BlameDataCollector, from path: C:\Program Files\dotnet\sdk\7.0.403\Extensions\Microsoft.TestPlatform.Extensions.BlameDataCollector.dll
TpTrace Verbose: 0 : 23624, 1, 2023/11/26, 10:41:39.116, 131788428383, vstest.console.dll, MetadataReaderExtensionsHelper: Discovering extensions inside assembly 'Microsoft.TestPlatform.Extensions.BlameDataCollector, Version=15.0.0.0, Culture=neutral, PublicKeyToken=b03f5f7f11d50a3a' file path 'C:\Program Files\dotnet\sdk\7.0.403\Extensions\Microsoft.TestPlatform.Extensions.BlameDataCollector.dll'
TpTrace Information: 0 : 23624, 1, 2023/11/26, 10:41:39.122, 131788484353, vstest.console.dll, AssemblyResolver.OnResolve: Microsoft.TestPlatform.Extensions.EventLogCollector: Resolving assembly.
TpTrace Information: 0 : 23624, 1, 2023/11/26, 10:41:39.122, 131788487476, vstest.console.dll, AssemblyResolver.OnResolve: Microsoft.TestPlatform.Extensions.EventLogCollector: Searching in: 'C:\Program Files\dotnet\sdk\7.0.403\Extensions'.
TpTrace Information: 0 : 23624, 1, 2023/11/26, 10:41:39.124, 131788507058, vstest.console.dll, AssemblyResolver.OnResolve: Microsoft.TestPlatform.Extensions.EventLogCollector: Loading assembly 'C:\Program Files\dotnet\sdk\7.0.403\Extensions\Microsoft.TestPlatform.Extensions.EventLogCollector.dll'.
TpTrace Information: 0 : 23624, 1, 2023/11/26, 10:41:39.126, 131788520514, vstest.console.dll, AssemblyResolver.OnResolve: Resolved assembly: Microsoft.TestPlatform.Extensions.EventLogCollector, from path: C:\Program Files\dotnet\sdk\7.0.403\Extensions\Microsoft.TestPlatform.Extensions.EventLogCollector.dll
TpTrace Verbose: 0 : 23624, 1, 2023/11/26, 10:41:39.126, 131788523353, vstest.console.dll, MetadataReaderExtensionsHelper: Discovering extensions inside assembly 'Microsoft.TestPlatform.Extensions.EventLogCollector, Version=15.0.0.0, Culture=neutral, PublicKeyToken=b03f5f7f11d50a3a' file path 'C:\Program Files\dotnet\sdk\7.0.403\Extensions\Microsoft.TestPlatform.Extensions.EventLogCollector.dll'
TpTrace Information: 0 : 23624, 1, 2023/11/26, 10:41:39.130, 131788562808, vstest.console.dll, AssemblyResolver.OnResolve: Microsoft.TestPlatform.TestHostRuntimeProvider: Resolving assembly.
TpTrace Information: 0 : 23624, 1, 2023/11/26, 10:41:39.130, 131788564707, vstest.console.dll, AssemblyResolver.OnResolve: Microsoft.TestPlatform.TestHostRuntimeProvider: Searching in: 'C:\Program Files\dotnet\sdk\7.0.403\Extensions'.
TpTrace Information: 0 : 23624, 1, 2023/11/26, 10:41:39.131, 131788571715, vstest.console.dll, AssemblyResolver.OnResolve: Microsoft.TestPlatform.TestHostRuntimeProvider: Loading assembly 'C:\Program Files\dotnet\sdk\7.0.403\Extensions\Microsoft.TestPlatform.TestHostRuntimeProvider.dll'.
TpTrace Information: 0 : 23624, 1, 2023/11/26, 10:41:39.132, 131788578600, vstest.console.dll, AssemblyResolver.OnResolve: Resolved assembly: Microsoft.TestPlatform.TestHostRuntimeProvider, from path: C:\Program Files\dotnet\sdk\7.0.403\Extensions\Microsoft.TestPlatform.TestHostRuntimeProvider.dll
TpTrace Verbose: 0 : 23624, 1, 2023/11/26, 10:41:39.132, 131788580005, vstest.console.dll, MetadataReaderExtensionsHelper: Discovering extensions inside assembly 'Microsoft.TestPlatform.TestHostRuntimeProvider, Version=15.0.0.0, Culture=neutral, PublicKeyToken=b03f5f7f11d50a3a' file path 'C:\Program Files\dotnet\sdk\7.0.403\Extensions\Microsoft.TestPlatform.TestHostRuntimeProvider.dll'
TpTrace Information: 0 : 23624, 1, 2023/11/26, 10:41:39.134, 131788607559, vstest.console.dll, GetTestExtensionFromType: Register extension with identifier data 'HostProvider://DefaultTestHost' and type 'Microsoft.VisualStudio.TestPlatform.CrossPlatEngine.Hosting.DefaultTestHostManager, Microsoft.TestPlatform.TestHostRuntimeProvider, Version=15.0.0.0, Culture=neutral, PublicKeyToken=b03f5f7f11d50a3a' inside file 'C:\Program Files\dotnet\sdk\7.0.403\Extensions\Microsoft.TestPlatform.TestHostRuntimeProvider.dll'
TpTrace Information: 0 : 23624, 1, 2023/11/26, 10:41:39.135, 131788612564, vstest.console.dll, GetTestExtensionFromType: Register extension with identifier data 'HostProvider://DotnetTestHost' and type 'Microsoft.VisualStudio.TestPlatform.CrossPlatEngine.Hosting.DotnetTestHostManager, Microsoft.TestPlatform.TestHostRuntimeProvider, Version=15.0.0.0, Culture=neutral, PublicKeyToken=b03f5f7f11d50a3a' inside file 'C:\Program Files\dotnet\sdk\7.0.403\Extensions\Microsoft.TestPlatform.TestHostRuntimeProvider.dll'
TpTrace Information: 0 : 23624, 1, 2023/11/26, 10:41:39.135, 131788614250, vstest.console.dll, AssemblyResolver.OnResolve: Microsoft.VisualStudio.TestPlatform.Extensions.Html.TestLogger: Resolving assembly.
TpTrace Information: 0 : 23624, 1, 2023/11/26, 10:41:39.135, 131788615083, vstest.console.dll, AssemblyResolver.OnResolve: Microsoft.VisualStudio.TestPlatform.Extensions.Html.TestLogger: Searching in: 'C:\Program Files\dotnet\sdk\7.0.403\Extensions'.
TpTrace Information: 0 : 23624, 1, 2023/11/26, 10:41:39.136, 131788623829, vstest.console.dll, AssemblyResolver.OnResolve: Microsoft.VisualStudio.TestPlatform.Extensions.Html.TestLogger: Loading assembly 'C:\Program Files\dotnet\sdk\7.0.403\Extensions\Microsoft.VisualStudio.TestPlatform.Extensions.Html.TestLogger.dll'.
TpTrace Information: 0 : 23624, 1, 2023/11/26, 10:41:39.137, 131788634413, vstest.console.dll, AssemblyResolver.OnResolve: Resolved assembly: Microsoft.VisualStudio.TestPlatform.Extensions.Html.TestLogger, from path: C:\Program Files\dotnet\sdk\7.0.403\Extensions\Microsoft.VisualStudio.TestPlatform.Extensions.Html.TestLogger.dll
TpTrace Verbose: 0 : 23624, 1, 2023/11/26, 10:41:39.137, 131788637179, vstest.console.dll, MetadataReaderExtensionsHelper: Discovering extensions inside assembly 'Microsoft.VisualStudio.TestPlatform.Extensions.Html.TestLogger, Version=15.0.0.0, Culture=neutral, PublicKeyToken=b03f5f7f11d50a3a' file path 'C:\Program Files\dotnet\sdk\7.0.403\Extensions\Microsoft.VisualStudio.TestPlatform.Extensions.Html.TestLogger.dll'
TpTrace Information: 0 : 23624, 1, 2023/11/26, 10:41:39.139, 131788651954, vstest.console.dll, AssemblyResolver.OnResolve: Microsoft.VisualStudio.TestPlatform.Extensions.Trx.TestLogger: Resolving assembly.
TpTrace Information: 0 : 23624, 1, 2023/11/26, 10:41:39.139, 131788653862, vstest.console.dll, AssemblyResolver.OnResolve: Microsoft.VisualStudio.TestPlatform.Extensions.Trx.TestLogger: Searching in: 'C:\Program Files\dotnet\sdk\7.0.403\Extensions'.
TpTrace Information: 0 : 23624, 1, 2023/11/26, 10:41:39.140, 131788661742, vstest.console.dll, AssemblyResolver.OnResolve: Microsoft.VisualStudio.TestPlatform.Extensions.Trx.TestLogger: Loading assembly 'C:\Program Files\dotnet\sdk\7.0.403\Extensions\Microsoft.VisualStudio.TestPlatform.Extensions.Trx.TestLogger.dll'.
TpTrace Information: 0 : 23624, 1, 2023/11/26, 10:41:39.141, 131788670228, vstest.console.dll, AssemblyResolver.OnResolve: Resolved assembly: Microsoft.VisualStudio.TestPlatform.Extensions.Trx.TestLogger, from path: C:\Program Files\dotnet\sdk\7.0.403\Extensions\Microsoft.VisualStudio.TestPlatform.Extensions.Trx.TestLogger.dll
TpTrace Verbose: 0 : 23624, 1, 2023/11/26, 10:41:39.141, 131788671795, vstest.console.dll, MetadataReaderExtensionsHelper: Discovering extensions inside assembly 'Microsoft.VisualStudio.TestPlatform.Extensions.Trx.TestLogger, Version=15.0.0.0, Culture=neutral, PublicKeyToken=b03f5f7f11d50a3a' file path 'C:\Program Files\dotnet\sdk\7.0.403\Extensions\Microsoft.VisualStudio.TestPlatform.Extensions.Trx.TestLogger.dll'
TpTrace Verbose: 0 : 23624, 1, 2023/11/26, 10:41:39.143, 131788689189, vstest.console.dll, TestPluginCache: Discovered the extensions using extension path ''.
TpTrace Verbose: 0 : 23624, 1, 2023/11/26, 10:41:39.143, 131788690801, vstest.console.dll, TestPluginCache: Discoverers are ''.
TpTrace Verbose: 0 : 23624, 1, 2023/11/26, 10:41:39.143, 131788691288, vstest.console.dll, TestPluginCache: Executors are ''.
TpTrace Verbose: 0 : 23624, 1, 2023/11/26, 10:41:39.143, 131788691740, vstest.console.dll, TestPluginCache: Executors2 are ''.
TpTrace Verbose: 0 : 23624, 1, 2023/11/26, 10:41:39.143, 131788692110, vstest.console.dll, TestPluginCache: Setting providers are ''.
TpTrace Verbose: 0 : 23624, 1, 2023/11/26, 10:41:39.143, 131788692428, vstest.console.dll, TestPluginCache: Loggers are ''.
TpTrace Verbose: 0 : 23624, 1, 2023/11/26, 10:41:39.143, 131788694322, vstest.console.dll, TestPluginCache: TestHosts are 'HostProvider://DefaultTestHost,HostProvider://DotnetTestHost'.
TpTrace Verbose: 0 : 23624, 1, 2023/11/26, 10:41:39.143, 131788694913, vstest.console.dll, TestPluginCache: DataCollectors are ''.
TpTrace Information: 0 : 23624, 1, 2023/11/26, 10:41:39.185, 131789115686, vstest.console.dll, RunTestsArgumentProcessor:Execute: Test run is starting.
TpTrace Verbose: 0 : 23624, 1, 2023/11/26, 10:41:39.186, 131789120802, vstest.console.dll, RunTestsArgumentProcessor:Execute: Queuing Test run.
TpTrace Information: 0 : 23624, 1, 2023/11/26, 10:41:39.193, 131789196881, vstest.console.dll, TestRequestManager.RunTests: run tests started.
TpTrace Information: 0 : 23624, 1, 2023/11/26, 10:41:39.208, 131789348155, vstest.console.dll, AssemblyMetadataProvider.GetFrameworkName: Determined framework:'.NETCoreApp,Version=v7.0' for source: 'E:\Oral_Data_Produccion\OralData\OralData.UnitTest\bin\Debug\net7.0\fine-code-coverage\build-output\OralData.UnitTest.dll'
TpTrace Information: 0 : 23624, 1, 2023/11/26, 10:41:39.209, 131789351772, vstest.console.dll, Determined framework for all sources: .NETCoreApp,Version=v7.0
TpTrace Verbose: 0 : 23624, 1, 2023/11/26, 10:41:39.210, 131789360362, vstest.console.dll, TestRequestManager.UpdateRunSettingsIfRequired: Default architecture: X64 IsDefaultTargetArchitecture: True, Current process architecture: X64 OperatingSystem: Windows.
TpTrace Information: 0 : 23624, 1, 2023/11/26, 10:41:39.213, 131789397177, vstest.console.dll, AssemblyMetadataProvider.GetArchitecture: Determined architecture:AnyCPU info for assembly: E:\Oral_Data_Produccion\OralData\OralData.UnitTest\bin\Debug\net7.0\fine-code-coverage\build-output\OralData.UnitTest.dll
TpTrace Information: 0 : 23624, 1, 2023/11/26, 10:41:39.214, 131789399023, vstest.console.dll, Determined platform for source 'E:\Oral_Data_Produccion\OralData\OralData.UnitTest\bin\Debug\net7.0\fine-code-coverage\build-output\OralData.UnitTest.dll' was AnyCPU and it will use the default plaform X64.
TpTrace Information: 0 : 23624, 1, 2023/11/26, 10:41:39.214, 131789399643, vstest.console.dll, None of the sources provided any runnable platform, using the default platform: X64
TpTrace Information: 0 : 23624, 1, 2023/11/26, 10:41:39.214, 131789401302, vstest.console.dll, Platform was updated to 'X64'.
TpTrace Information: 0 : 23624, 1, 2023/11/26, 10:41:39.223, 131789494801, vstest.console.dll, InferRunSettingsHelper.IsTestSettingsEnabled: Unable to navigate to RunSettings/MSTest. Current node: RunSettings
TpTrace Information: 0 : 23624, 1, 2023/11/26, 10:41:39.225, 131789515203, vstest.console.dll, AssemblyResolver.OnResolve: Microsoft.VisualStudio.TestPlatform.Fakes: Resolving assembly.
TpTrace Information: 0 : 23624, 1, 2023/11/26, 10:41:39.225, 131789518122, vstest.console.dll, AssemblyResolver.OnResolve: Microsoft.VisualStudio.TestPlatform.Fakes: Searching in: 'C:\Program Files\dotnet\sdk\7.0.403\Extensions'.
TpTrace Information: 0 : 23624, 1, 2023/11/26, 10:41:39.226, 131789519862, vstest.console.dll, AssemblyResolver.OnResolve: Microsoft.VisualStudio.TestPlatform.Fakes: Assembly path does not exist: 'C:\Program Files\dotnet\sdk\7.0.403\Extensions\Microsoft.VisualStudio.TestPlatform.Fakes.dll', returning.
TpTrace Information: 0 : 23624, 1, 2023/11/26, 10:41:39.226, 131789520878, vstest.console.dll, AssemblyResolver.OnResolve: Microsoft.VisualStudio.TestPlatform.Fakes: Assembly path does not exist: 'C:\Program Files\dotnet\sdk\7.0.403\Extensions\Microsoft.VisualStudio.TestPlatform.Fakes.exe', returning.
TpTrace Information: 0 : 23624, 1, 2023/11/26, 10:41:39.226, 131789521533, vstest.console.dll, AssemblyResolver.OnResolve: Microsoft.VisualStudio.TestPlatform.Fakes: Searching in: 'C:\Program Files\dotnet\sdk\7.0.403'.
TpTrace Information: 0 : 23624, 1, 2023/11/26, 10:41:39.226, 131789522484, vstest.console.dll, AssemblyResolver.OnResolve: Microsoft.VisualStudio.TestPlatform.Fakes: Assembly path does not exist: 'C:\Program Files\dotnet\sdk\7.0.403\Microsoft.VisualStudio.TestPlatform.Fakes.dll', returning.
TpTrace Information: 0 : 23624, 1, 2023/11/26, 10:41:39.226, 131789523528, vstest.console.dll, AssemblyResolver.OnResolve: Microsoft.VisualStudio.TestPlatform.Fakes: Assembly path does not exist: 'C:\Program Files\dotnet\sdk\7.0.403\Microsoft.VisualStudio.TestPlatform.Fakes.exe', returning.
TpTrace Information: 0 : 23624, 1, 2023/11/26, 10:41:39.226, 131789524587, vstest.console.dll, AssemblyResolver.OnResolve: Microsoft.VisualStudio.TestPlatform.Fakes: Failed to load assembly.
TpTrace Information: 0 : 23624, 1, 2023/11/26, 10:41:39.227, 131789528636, vstest.console.dll, Failed to load assembly Microsoft.VisualStudio.TestPlatform.Fakes, Version=17.0.0.0, Culture=neutral. Reason:System.IO.FileNotFoundException: Could not load file or assembly 'Microsoft.VisualStudio.TestPlatform.Fakes, Version=17.0.0.0, Culture=neutral, PublicKeyToken=null'. El sistema no puede encontrar el archivo especificado.
File name: 'Microsoft.VisualStudio.TestPlatform.Fakes, Version=17.0.0.0, Culture=neutral, PublicKeyToken=null'
   at System.Reflection.RuntimeAssembly.InternalLoad(AssemblyName assemblyName, StackCrawlMark& stackMark, AssemblyLoadContext assemblyLoadContext, RuntimeAssembly requestingAssembly, Boolean throwOnFileNotFound)
   at System.Reflection.Assembly.Load(AssemblyName assemblyRef)
   at Microsoft.VisualStudio.TestPlatform.Common.Utilities.FakesUtilities.LoadTestPlatformAssembly() in /_/src/Microsoft.TestPlatform.Common/Utilities/FakesUtilities.cs:line 272
TpTrace Verbose: 0 : 23624, 1, 2023/11/26, 10:41:39.254, 131789806804, vstest.console.dll, TestPluginCache.DiscoverTestExtensions: finding test extensions in assemblies ends with: TestLogger.dll TPluginInfo: Microsoft.VisualStudio.TestPlatform.Common.ExtensionFramework.Utilities.TestLoggerPluginInformation TExtension: Microsoft.VisualStudio.TestPlatform.ObjectModel.Client.ITestLogger
TpTrace Verbose: 0 : 23624, 1, 2023/11/26, 10:41:39.255, 131789811627, vstest.console.dll, TestPluginCache.GetExtensionPaths: Filtered extension paths: 
TpTrace Verbose: 0 : 23624, 1, 2023/11/26, 10:41:39.255, 131789812985, vstest.console.dll, TestPluginCache.GetExtensionPaths: Added default extension paths: C:\Program Files\dotnet\sdk\7.0.403\Extensions\Microsoft.Diagnostics.NETCore.Client.dll
C:\Program Files\dotnet\sdk\7.0.403\Extensions\Microsoft.TestPlatform.Extensions.BlameDataCollector.dll
C:\Program Files\dotnet\sdk\7.0.403\Extensions\Microsoft.TestPlatform.Extensions.EventLogCollector.dll
C:\Program Files\dotnet\sdk\7.0.403\Extensions\Microsoft.TestPlatform.TestHostRuntimeProvider.dll
C:\Program Files\dotnet\sdk\7.0.403\Extensions\Microsoft.VisualStudio.TestPlatform.Extensions.Html.TestLogger.dll
C:\Program Files\dotnet\sdk\7.0.403\Extensions\Microsoft.VisualStudio.TestPlatform.Extensions.Trx.TestLogger.dll
TpTrace Verbose: 0 : 23624, 1, 2023/11/26, 10:41:39.255, 131789813918, vstest.console.dll, TestPluginCache.GetExtensionPaths: Added unfilterableExtensionPaths: 
TpTrace Information: 0 : 23624, 1, 2023/11/26, 10:41:39.255, 131789817215, vstest.console.dll, AssemblyResolver.AddSearchDirectories: Adding more searchDirectories C:\Program Files\dotnet\sdk\7.0.403\Extensions,C:\Program Files\dotnet\sdk\7.0.403
TpTrace Verbose: 0 : 23624, 1, 2023/11/26, 10:41:39.255, 131789818205, vstest.console.dll, TestPluginCache.DiscoverTestExtensions: Discovering the extensions using extension path.
TpTrace Verbose: 0 : 23624, 1, 2023/11/26, 10:41:39.256, 131789819601, vstest.console.dll, TestPluginCache.GetExtensionPaths: Filtered extension paths: 
TpTrace Verbose: 0 : 23624, 1, 2023/11/26, 10:41:39.256, 131789821977, vstest.console.dll, TestPluginCache.GetExtensionPaths: Added default extension paths: C:\Program Files\dotnet\sdk\7.0.403\Extensions\Microsoft.Diagnostics.NETCore.Client.dll
C:\Program Files\dotnet\sdk\7.0.403\Extensions\Microsoft.TestPlatform.Extensions.BlameDataCollector.dll
C:\Program Files\dotnet\sdk\7.0.403\Extensions\Microsoft.TestPlatform.Extensions.EventLogCollector.dll
C:\Program Files\dotnet\sdk\7.0.403\Extensions\Microsoft.TestPlatform.TestHostRuntimeProvider.dll
C:\Program Files\dotnet\sdk\7.0.403\Extensions\Microsoft.VisualStudio.TestPlatform.Extensions.Html.TestLogger.dll
C:\Program Files\dotnet\sdk\7.0.403\Extensions\Microsoft.VisualStudio.TestPlatform.Extensions.Trx.TestLogger.dll
TpTrace Verbose: 0 : 23624, 1, 2023/11/26, 10:41:39.257, 131789828635, vstest.console.dll, TestPluginCache.GetExtensionPaths: Added unfilterableExtensionPaths: 
TpTrace Verbose: 0 : 23624, 1, 2023/11/26, 10:41:39.257, 131789831836, vstest.console.dll, TestPluginCache.DiscoverTestExtensions: Discovering the extensions using allExtensionPaths: C:\Program Files\dotnet\sdk\7.0.403\Extensions\Microsoft.Diagnostics.NETCore.Client.dll
C:\Program Files\dotnet\sdk\7.0.403\Extensions\Microsoft.TestPlatform.Extensions.BlameDataCollector.dll
C:\Program Files\dotnet\sdk\7.0.403\Extensions\Microsoft.TestPlatform.Extensions.EventLogCollector.dll
C:\Program Files\dotnet\sdk\7.0.403\Extensions\Microsoft.TestPlatform.TestHostRuntimeProvider.dll
C:\Program Files\dotnet\sdk\7.0.403\Extensions\Microsoft.VisualStudio.TestPlatform.Extensions.Html.TestLogger.dll
C:\Program Files\dotnet\sdk\7.0.403\Extensions\Microsoft.VisualStudio.TestPlatform.Extensions.Trx.TestLogger.dll
TpTrace Information: 0 : 23624, 1, 2023/11/26, 10:41:39.258, 131789843413, vstest.console.dll, AssemblyResolver.AddSearchDirectories: Adding more searchDirectories C:\Program Files\dotnet\sdk\7.0.403\Extensions,C:\Program Files\dotnet\sdk\7.0.403
TpTrace Information: 0 : 23624, 1, 2023/11/26, 10:41:39.259, 131789851175, vstest.console.dll, AssemblyResolver.AddSearchDirectories: Adding more searchDirectories C:\Program Files\dotnet\sdk\7.0.403\Extensions,C:\Program Files\dotnet\sdk\7.0.403
TpTrace Information: 0 : 23624, 1, 2023/11/26, 10:41:39.259, 131789853330, vstest.console.dll, AssemblyResolver.AddSearchDirectories: Adding more searchDirectories C:\Program Files\dotnet\sdk\7.0.403\Extensions,C:\Program Files\dotnet\sdk\7.0.403
TpTrace Information: 0 : 23624, 1, 2023/11/26, 10:41:39.259, 131789854830, vstest.console.dll, AssemblyResolver.AddSearchDirectories: Adding more searchDirectories C:\Program Files\dotnet\sdk\7.0.403\Extensions,C:\Program Files\dotnet\sdk\7.0.403
TpTrace Information: 0 : 23624, 1, 2023/11/26, 10:41:39.259, 131789856363, vstest.console.dll, AssemblyResolver.AddSearchDirectories: Adding more searchDirectories C:\Program Files\dotnet\sdk\7.0.403\Extensions,C:\Program Files\dotnet\sdk\7.0.403
TpTrace Information: 0 : 23624, 1, 2023/11/26, 10:41:39.259, 131789857634, vstest.console.dll, AssemblyResolver.AddSearchDirectories: Adding more searchDirectories C:\Program Files\dotnet\sdk\7.0.403\Extensions,C:\Program Files\dotnet\sdk\7.0.403
TpTrace Verbose: 0 : 23624, 1, 2023/11/26, 10:41:39.260, 131789863319, vstest.console.dll, MetadataReaderExtensionsHelper: Discovering extensions inside assembly 'Microsoft.Diagnostics.NETCore.Client, Version=0.2.8.21101, Culture=neutral, PublicKeyToken=31bf3856ad364e35' file path 'C:\Program Files\dotnet\sdk\7.0.403\Extensions\Microsoft.Diagnostics.NETCore.Client.dll'
TpTrace Information: 0 : 23624, 1, 2023/11/26, 10:41:39.266, 131789921223, vstest.console.dll, AssemblyResolver.OnResolve: Microsoft.Bcl.AsyncInterfaces: Resolving assembly.
TpTrace Information: 0 : 23624, 1, 2023/11/26, 10:41:39.266, 131789927019, vstest.console.dll, AssemblyResolver.OnResolve: Microsoft.Bcl.AsyncInterfaces: Resolved from cache.
TpTrace Verbose: 0 : 23624, 1, 2023/11/26, 10:41:39.267, 131789930381, vstest.console.dll, CurrentDomainAssemblyResolve: Resolving assembly 'Microsoft.Bcl.AsyncInterfaces'.
TpTrace Information: 0 : 23624, 1, 2023/11/26, 10:41:39.267, 131789934263, vstest.console.dll, AssemblyResolver.OnResolve: Microsoft.Bcl.AsyncInterfaces: Resolving assembly.
TpTrace Information: 0 : 23624, 1, 2023/11/26, 10:41:39.267, 131789937671, vstest.console.dll, AssemblyResolver.OnResolve: Microsoft.Bcl.AsyncInterfaces: Resolved from cache.
TpTrace Verbose: 0 : 23624, 1, 2023/11/26, 10:41:39.268, 131789940593, vstest.console.dll, CurrentDomainAssemblyResolve: Resolving assembly 'Microsoft.Bcl.AsyncInterfaces'.
TpTrace Verbose: 0 : 23624, 1, 2023/11/26, 10:41:39.268, 131789943245, vstest.console.dll, CurrentDomainAssemblyResolve: Failed to resolve assembly 'Microsoft.Bcl.AsyncInterfaces'.
TpTrace Verbose: 0 : 23624, 1, 2023/11/26, 10:41:39.268, 131789946946, vstest.console.dll, CurrentDomainAssemblyResolve: Failed to resolve assembly 'Microsoft.Bcl.AsyncInterfaces'.
TpTrace Warning: 0 : 23624, 1, 2023/11/26, 10:41:39.270, 131789965737, vstest.console.dll, TestPluginDiscoverer: Failed to get types from assembly 'Microsoft.Diagnostics.NETCore.Client, Version=0.2.8.21101, Culture=neutral, PublicKeyToken=31bf3856ad364e35'. Error: System.Reflection.ReflectionTypeLoadException: Unable to load one or more of the requested types.
Could not load file or assembly 'Microsoft.Bcl.AsyncInterfaces, Version=1.0.0.0, Culture=neutral, PublicKeyToken=cc7b13ffcd2ddd51'. El sistema no puede encontrar el archivo especificado.
   at System.Reflection.RuntimeModule.GetTypes(RuntimeModule module)
   at System.Reflection.Assembly.GetTypes()
   at Microsoft.VisualStudio.TestPlatform.Common.ExtensionFramework.TestPluginDiscoverer.GetTestExtensionsFromAssembly[TPluginInfo,TExtension](Assembly assembly, Dictionary`2 pluginInfos, String filePath) in /_/src/Microsoft.TestPlatform.Common/ExtensionFramework/TestPluginDiscoverer.cs:line 158
System.IO.FileNotFoundException: Could not load file or assembly 'Microsoft.Bcl.AsyncInterfaces, Version=1.0.0.0, Culture=neutral, PublicKeyToken=cc7b13ffcd2ddd51'. El sistema no puede encontrar el archivo especificado.
File name: 'Microsoft.Bcl.AsyncInterfaces, Version=1.0.0.0, Culture=neutral, PublicKeyToken=cc7b13ffcd2ddd51'
 ---> System.IO.FileNotFoundException: Could not load file or assembly 'Microsoft.Bcl.AsyncInterfaces, Culture=neutral, PublicKeyToken=null'. El sistema no puede encontrar el archivo especificado.
File name: 'Microsoft.Bcl.AsyncInterfaces, Culture=neutral, PublicKeyToken=null'
   at System.Reflection.RuntimeAssembly.InternalLoad(AssemblyName assemblyName, StackCrawlMark& stackMark, AssemblyLoadContext assemblyLoadContext, RuntimeAssembly requestingAssembly, Boolean throwOnFileNotFound)
   at System.Reflection.Assembly.Load(AssemblyName assemblyRef)
   at Microsoft.VisualStudio.TestPlatform.Common.ExtensionFramework.TestPluginCache.CurrentDomainAssemblyResolve(Object sender, AssemblyResolveEventArgs args) in /_/src/Microsoft.TestPlatform.Common/ExtensionFramework/TestPluginCache.cs:line 513
   at System.Runtime.Loader.AssemblyLoadContext.GetFirstResolvedAssemblyFromResolvingEvent(AssemblyName assemblyName)
   at System.Runtime.Loader.AssemblyLoadContext.ResolveUsingEvent(AssemblyName assemblyName)
   at System.Runtime.Loader.AssemblyLoadContext.ResolveUsingResolvingEvent(IntPtr gchManagedAssemblyLoadContext, AssemblyName assemblyName)
TpTrace Warning: 0 : 23624, 1, 2023/11/26, 10:41:39.271, 131789975681, vstest.console.dll, LoaderExceptions: System.IO.FileNotFoundException: Could not load file or assembly 'Microsoft.Bcl.AsyncInterfaces, Version=1.0.0.0, Culture=neutral, PublicKeyToken=cc7b13ffcd2ddd51'. El sistema no puede encontrar el archivo especificado.
File name: 'Microsoft.Bcl.AsyncInterfaces, Version=1.0.0.0, Culture=neutral, PublicKeyToken=cc7b13ffcd2ddd51'
 ---> System.IO.FileNotFoundException: Could not load file or assembly 'Microsoft.Bcl.AsyncInterfaces, Culture=neutral, PublicKeyToken=null'. El sistema no puede encontrar el archivo especificado.
File name: 'Microsoft.Bcl.AsyncInterfaces, Culture=neutral, PublicKeyToken=null'
   at System.Reflection.RuntimeAssembly.InternalLoad(AssemblyName assemblyName, StackCrawlMark& stackMark, AssemblyLoadContext assemblyLoadContext, RuntimeAssembly requestingAssembly, Boolean throwOnFileNotFound)
   at System.Reflection.Assembly.Load(AssemblyName assemblyRef)
   at Microsoft.VisualStudio.TestPlatform.Common.ExtensionFramework.TestPluginCache.CurrentDomainAssemblyResolve(Object sender, AssemblyResolveEventArgs args) in /_/src/Microsoft.TestPlatform.Common/ExtensionFramework/TestPluginCache.cs:line 513
   at System.Runtime.Loader.AssemblyLoadContext.GetFirstResolvedAssemblyFromResolvingEvent(AssemblyName assemblyName)
   at System.Runtime.Loader.AssemblyLoadContext.ResolveUsingEvent(AssemblyName assemblyName)
   at System.Runtime.Loader.AssemblyLoadContext.ResolveUsingResolvingEvent(IntPtr gchManagedAssemblyLoadContext, AssemblyName assemblyName)
TpTrace Verbose: 0 : 23624, 1, 2023/11/26, 10:41:39.273, 131789990919, vstest.console.dll, MetadataReaderExtensionsHelper: Discovering extensions inside assembly 'Microsoft.TestPlatform.Extensions.BlameDataCollector, Version=15.0.0.0, Culture=neutral, PublicKeyToken=b03f5f7f11d50a3a' file path 'C:\Program Files\dotnet\sdk\7.0.403\Extensions\Microsoft.TestPlatform.Extensions.BlameDataCollector.dll'
TpTrace Information: 0 : 23624, 1, 2023/11/26, 10:41:39.281, 131790069210, vstest.console.dll, GetTestExtensionFromType: Register extension with identifier data 'logger://Microsoft/TestPlatform/Extensions/Blame/v1' and type 'Microsoft.TestPlatform.Extensions.BlameDataCollector.BlameLogger, Microsoft.TestPlatform.Extensions.BlameDataCollector, Version=15.0.0.0, Culture=neutral, PublicKeyToken=b03f5f7f11d50a3a' inside file 'C:\Program Files\dotnet\sdk\7.0.403\Extensions\Microsoft.TestPlatform.Extensions.BlameDataCollector.dll'
TpTrace Verbose: 0 : 23624, 1, 2023/11/26, 10:41:39.281, 131790073148, vstest.console.dll, MetadataReaderExtensionsHelper: Discovering extensions inside assembly 'Microsoft.TestPlatform.Extensions.EventLogCollector, Version=15.0.0.0, Culture=neutral, PublicKeyToken=b03f5f7f11d50a3a' file path 'C:\Program Files\dotnet\sdk\7.0.403\Extensions\Microsoft.TestPlatform.Extensions.EventLogCollector.dll'
TpTrace Verbose: 0 : 23624, 1, 2023/11/26, 10:41:39.283, 131790090419, vstest.console.dll, MetadataReaderExtensionsHelper: Discovering extensions inside assembly 'Microsoft.TestPlatform.TestHostRuntimeProvider, Version=15.0.0.0, Culture=neutral, PublicKeyToken=b03f5f7f11d50a3a' file path 'C:\Program Files\dotnet\sdk\7.0.403\Extensions\Microsoft.TestPlatform.TestHostRuntimeProvider.dll'
TpTrace Verbose: 0 : 23624, 1, 2023/11/26, 10:41:39.286, 131790120234, vstest.console.dll, MetadataReaderExtensionsHelper: Discovering extensions inside assembly 'Microsoft.VisualStudio.TestPlatform.Extensions.Html.TestLogger, Version=15.0.0.0, Culture=neutral, PublicKeyToken=b03f5f7f11d50a3a' file path 'C:\Program Files\dotnet\sdk\7.0.403\Extensions\Microsoft.VisualStudio.TestPlatform.Extensions.Html.TestLogger.dll'
TpTrace Information: 0 : 23624, 1, 2023/11/26, 10:41:39.291, 131790169752, vstest.console.dll, GetTestExtensionFromType: Register extension with identifier data 'logger://Microsoft/TestPlatform/HtmlLogger/v1' and type 'Microsoft.VisualStudio.TestPlatform.Extensions.HtmlLogger.HtmlLogger, Microsoft.VisualStudio.TestPlatform.Extensions.Html.TestLogger, Version=15.0.0.0, Culture=neutral, PublicKeyToken=b03f5f7f11d50a3a' inside file 'C:\Program Files\dotnet\sdk\7.0.403\Extensions\Microsoft.VisualStudio.TestPlatform.Extensions.Html.TestLogger.dll'
TpTrace Verbose: 0 : 23624, 1, 2023/11/26, 10:41:39.292, 131790181309, vstest.console.dll, MetadataReaderExtensionsHelper: Discovering extensions inside assembly 'Microsoft.VisualStudio.TestPlatform.Extensions.Trx.TestLogger, Version=15.0.0.0, Culture=neutral, PublicKeyToken=b03f5f7f11d50a3a' file path 'C:\Program Files\dotnet\sdk\7.0.403\Extensions\Microsoft.VisualStudio.TestPlatform.Extensions.Trx.TestLogger.dll'
TpTrace Information: 0 : 23624, 1, 2023/11/26, 10:41:39.293, 131790192642, vstest.console.dll, GetTestExtensionFromType: Register extension with identifier data 'logger://Microsoft/TestPlatform/TrxLogger/v1' and type 'Microsoft.VisualStudio.TestPlatform.Extensions.TrxLogger.TrxLogger, Microsoft.VisualStudio.TestPlatform.Extensions.Trx.TestLogger, Version=15.0.0.0, Culture=neutral, PublicKeyToken=b03f5f7f11d50a3a' inside file 'C:\Program Files\dotnet\sdk\7.0.403\Extensions\Microsoft.VisualStudio.TestPlatform.Extensions.Trx.TestLogger.dll'
TpTrace Verbose: 0 : 23624, 1, 2023/11/26, 10:41:39.293, 131790194716, vstest.console.dll, TestPluginCache: Discovered the extensions using extension path ''.
TpTrace Verbose: 0 : 23624, 1, 2023/11/26, 10:41:39.293, 131790195425, vstest.console.dll, TestPluginCache: Discoverers are ''.
TpTrace Verbose: 0 : 23624, 1, 2023/11/26, 10:41:39.293, 131790195872, vstest.console.dll, TestPluginCache: Executors are ''.
TpTrace Verbose: 0 : 23624, 1, 2023/11/26, 10:41:39.293, 131790196243, vstest.console.dll, TestPluginCache: Executors2 are ''.
TpTrace Verbose: 0 : 23624, 1, 2023/11/26, 10:41:39.293, 131790196514, vstest.console.dll, TestPluginCache: Setting providers are ''.
TpTrace Verbose: 0 : 23624, 1, 2023/11/26, 10:41:39.293, 131790198489, vstest.console.dll, TestPluginCache: Loggers are 'logger://Microsoft/TestPlatform/Extensions/Blame/v1,logger://Microsoft/TestPlatform/HtmlLogger/v1,logger://Microsoft/TestPlatform/TrxLogger/v1'.
TpTrace Verbose: 0 : 23624, 1, 2023/11/26, 10:41:39.294, 131790199562, vstest.console.dll, TestPluginCache: TestHosts are 'HostProvider://DefaultTestHost,HostProvider://DotnetTestHost'.
TpTrace Verbose: 0 : 23624, 1, 2023/11/26, 10:41:39.294, 131790200303, vstest.console.dll, TestPluginCache: DataCollectors are ''.
TpTrace Information: 0 : 23624, 1, 2023/11/26, 10:41:39.295, 131790216065, vstest.console.dll, TestPluginManager.CreateTestExtension: Attempting to load test extension: Microsoft.TestPlatform.Extensions.BlameDataCollector.BlameLogger
TpTrace Verbose: 0 : 23624, 1, 2023/11/26, 10:41:39.306, 131790328085, vstest.console.dll, TestEngine: Initializing Parallel Execution as MaxCpuCount is set to: 1
TpTrace Information: 0 : 23624, 1, 2023/11/26, 10:41:39.314, 131790404453, vstest.console.dll, TestPluginManager.CreateTestExtension: Attempting to load test extension: Microsoft.VisualStudio.TestPlatform.CrossPlatEngine.Hosting.DefaultTestHostManager
TpTrace Information: 0 : 23624, 1, 2023/11/26, 10:41:39.316, 131790422762, vstest.console.dll, TestPluginManager.CreateTestExtension: Attempting to load test extension: Microsoft.VisualStudio.TestPlatform.CrossPlatEngine.Hosting.DotnetTestHostManager
TpTrace Information: 0 : 23624, 1, 2023/11/26, 10:41:39.318, 131790441207, vstest.console.dll, InferRunSettingsHelper.IsTestSettingsEnabled: Unable to navigate to RunSettings/MSTest. Current node: RunSettings
TpTrace Verbose: 0 : 23624, 1, 2023/11/26, 10:41:39.319, 131790454633, vstest.console.dll, ParallelOperationManager.ClearSlots: Clearing all slots. Slots should accept more work: True
TpTrace Verbose: 0 : 23624, 1, 2023/11/26, 10:41:39.321, 131790469108, vstest.console.dll, ParallelOperationManager.SetOccupiedSlotCount: Setting slot counts AvailableSlotCount = 1, OccupiedSlotCount = 0.
TpTrace Verbose: 0 : 23624, 1, 2023/11/26, 10:41:39.322, 131790485359, vstest.console.dll, Occupied slots:

TpTrace Verbose: 0 : 23624, 1, 2023/11/26, 10:41:39.331, 131790576728, vstest.console.dll, TestEngine.GetExecutionManager: Chosen execution manager 'Microsoft.VisualStudio.TestPlatform.CrossPlatEngine.Client.Parallel.ParallelProxyExecutionManager, Microsoft.TestPlatform.CrossPlatEngine, Version=15.0.0.0, Culture=neutral, PublicKeyToken=b03f5f7f11d50a3a' ParallelLevel '1'.
TpTrace Verbose: 0 : 23624, 1, 2023/11/26, 10:41:39.332, 131790580174, vstest.console.dll, TestRunRequest.ExecuteAsync: Creating test run request.
TpTrace Verbose: 0 : 23624, 1, 2023/11/26, 10:41:39.332, 131790584775, vstest.console.dll, TestRunRequest.ExecuteAsync: Starting.
TpTrace Information: 0 : 23624, 1, 2023/11/26, 10:41:39.333, 131790592263, vstest.console.dll, TestRunRequest.ExecuteAsync: Starting run with settings:TestRunCriteria:
   KeepAlive=False,FrequencyOfRunStatsChangeEvent=10,RunStatsChangeEventTimeout=00:00:01.5000000,TestCaseFilter=,TestExecutorLauncher=
   Settingsxml=<RunSettings>
  <RunConfiguration>
    <ResultsDirectory>E:\Oral_Data_Produccion\OralData\OralData.UnitTest\bin\Debug\net7.0\fine-code-coverage\coverage-tool-output</ResultsDirectory>
    <TargetPlatform>X64</TargetPlatform>
    <TargetFrameworkVersion>.NETCoreApp,Version=v7.0</TargetFrameworkVersion>
    <DesignMode>False</DesignMode>
    <CollectSourceInformation>False</CollectSourceInformation>
  </RunConfiguration>
  <LoggerRunSettings>
    <Loggers>
      <Logger friendlyName="blame" enabled="True" />
      <Logger friendlyName="Console" uri="logger://microsoft/TestPlatform/ConsoleLogger/v1" assemblyQualifiedName="Microsoft.VisualStudio.TestPlatform.CommandLine.Internal.ConsoleLogger, vstest.console, Version=15.0.0.0, Culture=neutral, PublicKeyToken=b03f5f7f11d50a3a" codeBase="C:\Program Files\dotnet\sdk\7.0.403\vstest.console.dll" enabled="True" />
    </Loggers>
  </LoggerRunSettings>
  <DataCollectionRunSettings>
    <DataCollectors>
      <DataCollector friendlyName="blame" enabled="True">
        <Configuration>
          <ResultsDirectory>E:\Oral_Data_Produccion\OralData\OralData.UnitTest\bin\Debug\net7.0\fine-code-coverage\coverage-tool-output</ResultsDirectory>
        </Configuration>
      </DataCollector>
    </DataCollectors>
  </DataCollectionRunSettings>
</RunSettings>

TpTrace Verbose: 0 : 23624, 1, 2023/11/26, 10:41:39.333, 131790594204, vstest.console.dll, TestRunRequest.ExecuteAsync: Wait for the first run request is over.
TpTrace Verbose: 0 : 23624, 1, 2023/11/26, 10:41:39.334, 131790601875, vstest.console.dll, MulticastDelegateUtilities.SafeInvoke: TestRun.TestRunStart: Invoking callbacks was skipped because there are no subscribers.
TpTrace Verbose: 0 : 23624, 4, 2023/11/26, 10:41:39.334, 131790605866, vstest.console.dll, MulticastDelegateUtilities.SafeInvoke: InternalTestLoggerEvents.SendTestRunStart: Invoking callback 1/1 for Microsoft.VisualStudio.TestPlatform.CommandLine.Internal.ConsoleLogger., took 0 ms.
TpTrace Verbose: 0 : 23624, 1, 2023/11/26, 10:41:39.340, 131790661125, vstest.console.dll, ParallelProxyExecutionManager: Start execution. Total sources: 1
TpTrace Verbose: 0 : 23624, 1, 2023/11/26, 10:41:39.341, 131790671819, vstest.console.dll, ParallelOperationManager.StartWork: Starting adding 1 workloads.
TpTrace Verbose: 0 : 23624, 1, 2023/11/26, 10:41:39.341, 131790676791, vstest.console.dll, ParallelOperationManager.ClearSlots: Clearing all slots. Slots should accept more work: True
TpTrace Verbose: 0 : 23624, 1, 2023/11/26, 10:41:39.342, 131790679057, vstest.console.dll, ParallelOperationManager.SetOccupiedSlotCount: Setting slot counts AvailableSlotCount = 1, OccupiedSlotCount = 0.
TpTrace Verbose: 0 : 23624, 1, 2023/11/26, 10:41:39.342, 131790680726, vstest.console.dll, Occupied slots:

TpTrace Verbose: 0 : 23624, 1, 2023/11/26, 10:41:39.346, 131790719858, vstest.console.dll, TestRequestSender is acting as server.
TpTrace Verbose: 0 : 23624, 1, 2023/11/26, 10:41:39.349, 131790750900, vstest.console.dll, ParallelOperationManager.RunWorkInParallel: Adding 1 workload to slot, remaining workloads 0.
TpTrace Verbose: 0 : 23624, 1, 2023/11/26, 10:41:39.349, 131790755002, vstest.console.dll, ParallelOperationManager.SetOccupiedSlotCount: Setting slot counts AvailableSlotCount = 0, OccupiedSlotCount = 1.
TpTrace Verbose: 0 : 23624, 1, 2023/11/26, 10:41:39.350, 131790760342, vstest.console.dll, Occupied slots:
0: E:\Oral_Data_Produccion\OralData\OralData.UnitTest\bin\Debug\net7.0\fine-code-coverage\build-output\OralData.UnitTest.dll
TpTrace Verbose: 0 : 23624, 1, 2023/11/26, 10:41:39.353, 131790792910, vstest.console.dll, ParallelOperationManager.RunWorkInParallel: Started host in slot number 0 for work (source): E:\Oral_Data_Produccion\OralData\OralData.UnitTest\bin\Debug\net7.0\fine-code-coverage\build-output\OralData.UnitTest.dll.
TpTrace Verbose: 0 : 23624, 1, 2023/11/26, 10:41:39.355, 131790818532, vstest.console.dll, ParallelOperationManager.RunWorkInParallel: We started 1 work items, which is the max parallel level. Won't start more work.
TpTrace Verbose: 0 : 23624, 1, 2023/11/26, 10:41:39.356, 131790821024, vstest.console.dll, ParallelOperationManager.RunWorkInParallel: We started 1 work items in here, returning True.
TpTrace Verbose: 0 : 23624, 5, 2023/11/26, 10:41:39.356, 131790822676, vstest.console.dll, ParallelProxyExecutionManager.StartTestRunOnConcurrentManager: Initializing uninitialized client. Started clients: 0
TpTrace Information: 0 : 23624, 1, 2023/11/26, 10:41:39.356, 131790823050, vstest.console.dll, TestRunRequest.ExecuteAsync: Started.
TpTrace Verbose: 0 : 23624, 5, 2023/11/26, 10:41:39.356, 131790825775, vstest.console.dll, DataCollectionRequestSender.InitializeCommunication : Initialize communication. 
TpTrace Verbose: 0 : 23624, 1, 2023/11/26, 10:41:39.356, 131790826285, vstest.console.dll, TestRunRequest.WaitForCompletion: Waiting with timeout -1.
TpTrace Information: 0 : 23624, 5, 2023/11/26, 10:41:39.364, 131790902428, vstest.console.dll, Listening on Endpoint : 127.0.0.1:56502
TpTrace Verbose: 0 : 23624, 5, 2023/11/26, 10:41:39.381, 131791074633, vstest.console.dll, DotnetDataCollectionLauncher: Adding  --runtimeconfig "C:\Program Files\dotnet\sdk\7.0.403\datacollector.runtimeconfig.json" in args
TpTrace Verbose: 0 : 23624, 5, 2023/11/26, 10:41:39.382, 131791078811, vstest.console.dll, DotnetDataCollectionLauncher: Adding  --depsfile "C:\Program Files\dotnet\sdk\7.0.403\datacollector.deps.json" in args
TpTrace Verbose: 0 : 23624, 5, 2023/11/26, 10:41:39.382, 131791081197, vstest.console.dll, DotnetDataCollectionLauncher: Full path of dotnet.exe is C:\Program Files\dotnet\dotnet.exe
TpTrace Information: 0 : 23624, 5, 2023/11/26, 10:41:39.392, 131791186760, vstest.console.dll, ProxyDataCollectionManager.Initialize: Launched datacollector processId: 2172 port: 56502
TpTrace Information: 0 : 23624, 5, 2023/11/26, 10:41:39.393, 131791190303, vstest.console.dll, ProxyDataCollectionManager.Initialize: waiting for connection with timeout: 90 seconds
TpTrace Verbose: 0 : 23624, 5, 2023/11/26, 10:41:39.393, 131791192557, vstest.console.dll, DataCollectionRequestSender.WaitForRequestHandlerConnection : Waiting for connection with timeout: 90000
TpTrace Information: 0 : 23624, 7, 2023/11/26, 10:41:39.731, 131794577882, vstest.console.dll, Using the buffer size of 16384 bytes
TpTrace Verbose: 0 : 23624, 5, 2023/11/26, 10:41:39.731, 131794578142, vstest.console.dll, SocketCommunicationManager.WaitForClientConnection took: 338 ms, with 90000 ms timeout, and finished with True.
TpTrace Information: 0 : 23624, 7, 2023/11/26, 10:41:39.732, 131794581390, vstest.console.dll, Accepted Client request and set the flag
TpTrace Verbose: 0 : 23624, 5, 2023/11/26, 10:41:39.732, 131794582897, vstest.console.dll, ProxyDataCollectionManager.InvokeDataCollectionServiceAction: Starting.
TpTrace Information: 0 : 23624, 5, 2023/11/26, 10:41:39.732, 131794584430, vstest.console.dll, ProxyDataCollectionManager.BeforeTestRunStart: Get environment variable and port for datacollector processId: 2172 port: 56502
TpTrace Verbose: 0 : 23624, 5, 2023/11/26, 10:41:39.732, 131794586300, vstest.console.dll, DataCollectionRequestSender.SendBeforeTestRunStartAndGetResult: Send BeforeTestRunStart message with settingsXml <RunSettings><RunConfiguration><ResultsDirectory>E:\Oral_Data_Produccion\OralData\OralData.UnitTest\bin\Debug\net7.0\fine-code-coverage\coverage-tool-output</ResultsDirectory><TargetPlatform>X64</TargetPlatform><TargetFrameworkVersion>.NETCoreApp,Version=v7.0</TargetFrameworkVersion><DesignMode>False</DesignMode><CollectSourceInformation>False</CollectSourceInformation><TestAdaptersPaths>C:\Program Files\dotnet\sdk\7.0.403\Extensions</TestAdaptersPaths></RunConfiguration><LoggerRunSettings><Loggers><Logger friendlyName="blame" enabled="True" /><Logger friendlyName="Console" uri="logger://microsoft/TestPlatform/ConsoleLogger/v1" assemblyQualifiedName="Microsoft.VisualStudio.TestPlatform.CommandLine.Internal.ConsoleLogger, vstest.console, Version=15.0.0.0, Culture=neutral, PublicKeyToken=b03f5f7f11d50a3a" codeBase="C:\Program Files\dotnet\sdk\7.0.403\vstest.console.dll" enabled="True" /></Loggers></LoggerRunSettings><DataCollectionRunSettings><DataCollectors><DataCollector friendlyName="blame" enabled="True"><Configuration><ResultsDirectory>E:\Oral_Data_Produccion\OralData\OralData.UnitTest\bin\Debug\net7.0\fine-code-coverage\coverage-tool-output</ResultsDirectory></Configuration></DataCollector></DataCollectors></DataCollectionRunSettings></RunSettings> and sources System.Collections.Generic.List`1[System.String]: 
TpTrace Verbose: 0 : 23624, 5, 2023/11/26, 10:41:39.905, 131796311317, vstest.console.dll, DataCollectionRequestSender.SendBeforeTestRunStartAndGetResult: Received message: (DataCollection.SendMessage) -> {"MessageType":"DataCollection.SendMessage","Payload":{"FriendlyName":null,"Uri":null,"TestCaseId":"00000000-0000-0000-0000-000000000000","Message":"Logging DataCollector Diagnostics in file: E:\\Oral_Data_Produccion\\OralData\\OralData.UnitTest\\bin\\Debug\\net7.0\\fine-code-coverage\\coverage-tool-output\\diagnostics.datacollector.23-11-26_10-41-39_38098_5.log","Level":0}}
TpTrace Verbose: 0 : 23624, 5, 2023/11/26, 10:41:40.142, 131798683951, vstest.console.dll, DataCollectionRequestSender.SendBeforeTestRunStartAndGetResult: Received message: (DataCollection.BeforeTestRunStartResult) -> {"MessageType":"DataCollection.BeforeTestRunStartResult","Payload":{"EnvironmentVariables":{},"DataCollectionEventsPort":56507}}
TpTrace Information: 0 : 23624, 5, 2023/11/26, 10:41:40.150, 131798763145, vstest.console.dll, ProxyDataCollectionManager.BeforeTestRunStart: SendBeforeTestRunStartAndGetResult successful, env variable from datacollector:   and testhost port: 56507
TpTrace Information: 0 : 23624, 5, 2023/11/26, 10:41:40.150, 131798765034, vstest.console.dll, ProxyDataCollectionManager.InvokeDataCollectionServiceAction: Completed.
TpTrace Verbose: 0 : 23624, 5, 2023/11/26, 10:41:40.150, 131798765775, vstest.console.dll, ParallelProxyExecutionManager.StartTestRunOnConcurrentManager: Initializing test run. Started clients: 0
TpTrace Verbose: 0 : 23624, 5, 2023/11/26, 10:41:40.150, 131798767533, vstest.console.dll, ProxyExecutionManager: Test host is always Lazy initialize.
TpTrace Verbose: 0 : 23624, 5, 2023/11/26, 10:41:40.151, 131798772599, vstest.console.dll, TestRequestSender.InitializeCommunication: initialize communication. 
TpTrace Information: 0 : 23624, 5, 2023/11/26, 10:41:40.152, 131798781398, vstest.console.dll, SocketServer.Start: Listening on endpoint : 127.0.0.1:56508
TpTrace Verbose: 0 : 23624, 5, 2023/11/26, 10:41:40.153, 131798794931, vstest.console.dll, DotnetTestHostmanager.GetTestHostProcessStartInfo: Platform environment 'X64' target architecture 'X64' framework '.NETCoreApp,Version=v7.0' OS 'Windows'
TpTrace Verbose: 0 : 23624, 5, 2023/11/26, 10:41:40.154, 131798799964, vstest.console.dll, DotnetTestHostmanager: Adding  --runtimeconfig "E:\Oral_Data_Produccion\OralData\OralData.UnitTest\bin\Debug\net7.0\fine-code-coverage\build-output\OralData.UnitTest.runtimeconfig.json" in args
TpTrace Verbose: 0 : 23624, 5, 2023/11/26, 10:41:40.154, 131798802573, vstest.console.dll, DotnetTestHostmanager: Adding  --depsfile "E:\Oral_Data_Produccion\OralData\OralData.UnitTest\bin\Debug\net7.0\fine-code-coverage\build-output\OralData.UnitTest.deps.json" in args
TpTrace Verbose: 0 : 23624, 5, 2023/11/26, 10:41:40.154, 131798807470, vstest.console.dll, DotnetTestHostmanager.IsWinOnArm: Current PROCESSOR_ARCHITECTURE from environment variable 'AMD64'
TpTrace Verbose: 0 : 23624, 5, 2023/11/26, 10:41:40.155, 131798808835, vstest.console.dll, DotnetTestHostmanager.IsWinOnArm: Is Windows on ARM 'False'
TpTrace Verbose: 0 : 23624, 5, 2023/11/26, 10:41:40.155, 131798811773, vstest.console.dll, DotnetTestHostManager: testhost.exe found at path: E:\Oral_Data_Produccion\OralData\OralData.UnitTest\bin\Debug\net7.0\fine-code-coverage\build-output\testhost.exe
TpTrace Verbose: 0 : 23624, 5, 2023/11/26, 10:41:40.155, 131798812675, vstest.console.dll, DotnetTestHostmanager: Full path of host exe is E:\Oral_Data_Produccion\OralData\OralData.UnitTest\bin\Debug\net7.0\fine-code-coverage\build-output\testhost.exe
TpTrace Verbose: 0 : 23624, 5, 2023/11/26, 10:41:40.155, 131798815046, vstest.console.dll, DotnetTestHostmanager.LaunchTestHostAsync: Found 'VSTEST_WINAPPHOST_DOTNET_ROOT' in env variables, value 'C:\Program Files\dotnet', forwarding to 'DOTNET_ROOT'
TpTrace Verbose: 0 : 23624, 5, 2023/11/26, 10:41:40.155, 131798818328, vstest.console.dll, DotnetTestHostManager: Starting process 'E:\Oral_Data_Produccion\OralData\OralData.UnitTest\bin\Debug\net7.0\fine-code-coverage\build-output\testhost.exe' with command line ' --runtimeconfig "E:\Oral_Data_Produccion\OralData\OralData.UnitTest\bin\Debug\net7.0\fine-code-coverage\build-output\OralData.UnitTest.runtimeconfig.json" --depsfile "E:\Oral_Data_Produccion\OralData\OralData.UnitTest\bin\Debug\net7.0\fine-code-coverage\build-output\OralData.UnitTest.deps.json" --port 56508 --endpoint 127.0.0.1:056508 --role client --parentprocessid 23624 --diag "E:\Oral_Data_Produccion\OralData\OralData.UnitTest\bin\Debug\net7.0\fine-code-coverage\coverage-tool-output\diagnostics.host.23-11-26_10-41-40_15296_5.log" --tracelevel 4 --datacollectionport 56507 --telemetryoptedin false'
TpTrace Verbose: 0 : 23624, 5, 2023/11/26, 10:41:40.165, 131798912963, vstest.console.dll, MulticastDelegateUtilities.SafeInvoke: HostProviderEvents.OnHostLaunched: Invoking callback 1/2 for Microsoft.VisualStudio.TestPlatform.CrossPlatEngine.Client.ProxyExecutionManagerWithDataCollection., took 2 ms.
TpTrace Verbose: 0 : 23624, 5, 2023/11/26, 10:41:40.165, 131798918151, vstest.console.dll, Test Runtime launched
TpTrace Verbose: 0 : 23624, 5, 2023/11/26, 10:41:40.166, 131798919510, vstest.console.dll, MulticastDelegateUtilities.SafeInvoke: HostProviderEvents.OnHostLaunched: Invoking callback 2/2 for Microsoft.VisualStudio.TestPlatform.CrossPlatEngine.Client.ProxyOperationManager., took 0 ms.
TpTrace Verbose: 0 : 23624, 5, 2023/11/26, 10:41:40.166, 131798921991, vstest.console.dll, TestRequestSender.WaitForRequestHandlerConnection: waiting for connection with timeout: 90000.
TpTrace Verbose: 0 : 23624, 5, 2023/11/26, 10:41:40.702, 131804279479, vstest.console.dll, TestRequestSender.WaitForRequestHandlerConnection: waiting took 535 ms, with timeout 90000 ms, and result 0, which is success.
TpTrace Verbose: 0 : 23624, 7, 2023/11/26, 10:41:40.703, 131804289061, vstest.console.dll, MulticastDelegateUtilities.SafeInvoke: SocketServer: ClientConnected: Invoking callback 1/1 for Microsoft.VisualStudio.TestPlatform.CommunicationUtilities.TestRequestSender., took 1 ms.
TpTrace Verbose: 0 : 23624, 7, 2023/11/26, 10:41:40.703, 131804291244, vstest.console.dll, SocketServer.OnClientConnected: Client connected for endPoint: 127.0.0.1:56508, starting MessageLoopAsync:
TpTrace Verbose: 0 : 23624, 7, 2023/11/26, 10:41:40.703, 131804295402, vstest.console.dll, TcpClientExtensions.MessageLoopAsync: Polling on remoteEndPoint: 127.0.0.1:56510 localEndPoint: 127.0.0.1:56508
TpTrace Verbose: 0 : 23624, 5, 2023/11/26, 10:41:40.703, 131804298100, vstest.console.dll, TestRequestSender.CheckVersionWithTestHost: Sending check version message: {"MessageType":"ProtocolVersion","Payload":7}
TpTrace Verbose: 0 : 23624, 7, 2023/11/26, 10:41:41.046, 131807722424, vstest.console.dll, TcpClientExtensions.MessageLoopAsync: NotifyDataAvailable remoteEndPoint: 127.0.0.1:56510 localEndPoint: 127.0.0.1:56508
TpTrace Verbose: 0 : 23624, 7, 2023/11/26, 10:41:41.046, 131807725944, vstest.console.dll, TestRequestSender.CheckVersionWithTestHost: onMessageReceived received message: (ProtocolVersion) -> {"MessageType":"ProtocolVersion","Payload":7}
TpTrace Verbose: 0 : 23624, 7, 2023/11/26, 10:41:41.047, 131807735562, vstest.console.dll, MulticastDelegateUtilities.SafeInvoke: LengthPrefixCommunicationChannel: MessageReceived: Invoking callback 1/1 for Microsoft.VisualStudio.TestPlatform.CommunicationUtilities.TestRequestSender+<>c__DisplayClass29_0., took 0 ms.
TpTrace Verbose: 0 : 23624, 5, 2023/11/26, 10:41:41.047, 131807736550, vstest.console.dll, TestPluginCache.GetExtensionPaths: Filtered extension paths: 
TpTrace Verbose: 0 : 23624, 7, 2023/11/26, 10:41:41.047, 131807737432, vstest.console.dll, TcpClientExtensions.MessageLoopAsync: Polling on remoteEndPoint: 127.0.0.1:56510 localEndPoint: 127.0.0.1:56508
TpTrace Verbose: 0 : 23624, 5, 2023/11/26, 10:41:41.047, 131807738056, vstest.console.dll, TestPluginCache.GetExtensionPaths: Added default extension paths: C:\Program Files\dotnet\sdk\7.0.403\Extensions\Microsoft.Diagnostics.NETCore.Client.dll
C:\Program Files\dotnet\sdk\7.0.403\Extensions\Microsoft.TestPlatform.Extensions.BlameDataCollector.dll
C:\Program Files\dotnet\sdk\7.0.403\Extensions\Microsoft.TestPlatform.Extensions.EventLogCollector.dll
C:\Program Files\dotnet\sdk\7.0.403\Extensions\Microsoft.TestPlatform.TestHostRuntimeProvider.dll
C:\Program Files\dotnet\sdk\7.0.403\Extensions\Microsoft.VisualStudio.TestPlatform.Extensions.Html.TestLogger.dll
C:\Program Files\dotnet\sdk\7.0.403\Extensions\Microsoft.VisualStudio.TestPlatform.Extensions.Trx.TestLogger.dll
TpTrace Verbose: 0 : 23624, 5, 2023/11/26, 10:41:41.048, 131807739603, vstest.console.dll, TestPluginCache.GetExtensionPaths: Added unfilterableExtensionPaths: 
TpTrace Verbose: 0 : 23624, 5, 2023/11/26, 10:41:41.054, 131807804220, vstest.console.dll, TestRequestSender.InitializeExecution: Sending initialize execution with message: {"Version":7,"MessageType":"TestExecution.Initialize","Payload":["E:\\Oral_Data_Produccion\\OralData\\OralData.UnitTest\\bin\\Debug\\net7.0\\fine-code-coverage\\build-output\\Microsoft.VisualStudio.TestPlatform.MSTest.TestAdapter.dll"]}
TpTrace Verbose: 0 : 23624, 5, 2023/11/26, 10:41:41.054, 131807807665, vstest.console.dll, ParallelProxyExecutionManager.StartTestRunOnConcurrentManager: Execution starting. Started clients: 1
TpTrace Verbose: 0 : 23624, 5, 2023/11/26, 10:41:41.055, 131807812465, vstest.console.dll, TestRunRequest:SendTestRunMessage: Starting.
TpTrace Verbose: 0 : 23624, 4, 2023/11/26, 10:41:41.055, 131807816398, vstest.console.dll, MulticastDelegateUtilities.SafeInvoke: InternalTestLoggerEvents.SendTestRunMessage: Invoking callback 1/1 for Microsoft.VisualStudio.TestPlatform.CommandLine.Internal.ConsoleLogger., took 0 ms.
TpTrace Verbose: 0 : 23624, 5, 2023/11/26, 10:41:41.055, 131807816520, vstest.console.dll, MulticastDelegateUtilities.SafeInvoke: TestRun.LogMessages: Invoking callback 1/1 for Microsoft.VisualStudio.TestPlatform.CommandLine.TestRunResultAggregator., took 0 ms.
TpTrace Information: 0 : 23624, 5, 2023/11/26, 10:41:41.055, 131807818277, vstest.console.dll, TestRunRequest:SendTestRunMessage: Completed.
TpTrace Warning: 0 : 23624, 5, 2023/11/26, 10:41:41.056, 131807824963, vstest.console.dll, InferRunSettingsHelper.MakeRunsettingsCompatible: Removing the following settings: TargetPlatform from RunSettings file. To use those settings please move to latest version of Microsoft.NET.Test.Sdk
TpTrace Verbose: 0 : 23624, 5, 2023/11/26, 10:41:41.073, 131807990253, vstest.console.dll, TestRequestSender.StartTestRun: Sending test run with message: {"Version":7,"MessageType":"TestExecution.StartWithSources","Payload":{"AdapterSourceMap":{"_none_":["E:\\Oral_Data_Produccion\\OralData\\OralData.UnitTest\\bin\\Debug\\net7.0\\fine-code-coverage\\build-output\\OralData.UnitTest.dll"]},"RunSettings":"<RunSettings>\r\n  <RunConfiguration>\r\n    <ResultsDirectory>E:\\Oral_Data_Produccion\\OralData\\OralData.UnitTest\\bin\\Debug\\net7.0\\fine-code-coverage\\coverage-tool-output</ResultsDirectory>\r\n    <TargetFrameworkVersion>.NETCoreApp,Version=v7.0</TargetFrameworkVersion>\r\n    <DesignMode>False</DesignMode>\r\n    <CollectSourceInformation>False</CollectSourceInformation>\r\n  </RunConfiguration>\r\n  <LoggerRunSettings>\r\n    <Loggers>\r\n      <Logger friendlyName=\"blame\" enabled=\"True\" />\r\n      <Logger friendlyName=\"Console\" uri=\"logger://microsoft/TestPlatform/ConsoleLogger/v1\" assemblyQualifiedName=\"Microsoft.VisualStudio.TestPlatform.CommandLine.Internal.ConsoleLogger, vstest.console, Version=15.0.0.0, Culture=neutral, PublicKeyToken=b03f5f7f11d50a3a\" codeBase=\"C:\\Program Files\\dotnet\\sdk\\7.0.403\\vstest.console.dll\" enabled=\"True\" />\r\n    </Loggers>\r\n  </LoggerRunSettings>\r\n  <DataCollectionRunSettings>\r\n    <DataCollectors>\r\n      <DataCollector friendlyName=\"blame\" enabled=\"True\">\r\n        <Configuration>\r\n          <ResultsDirectory>E:\\Oral_Data_Produccion\\OralData\\OralData.UnitTest\\bin\\Debug\\net7.0\\fine-code-coverage\\coverage-tool-output</ResultsDirectory>\r\n        </Configuration>\r\n      </DataCollector>\r\n    </DataCollectors>\r\n  </DataCollectionRunSettings>\r\n</RunSettings>","TestExecutionContext":{"FrequencyOfRunStatsChangeEvent":10,"RunStatsChangeEventTimeout":"00:00:01.5000000","InIsolation":false,"KeepAlive":false,"AreTestCaseLevelEventsRequired":false,"IsDebug":false,"TestCaseFilter":null,"FilterOptions":null},"Package":null}}
TpTrace Verbose: 0 : 23624, 5, 2023/11/26, 10:41:41.073, 131807994229, vstest.console.dll, ParallelProxyExecutionManager.StartTestRunOnConcurrentManager: Execution started. Started clients: 1
TpTrace Verbose: 0 : 23624, 7, 2023/11/26, 10:41:41.082, 131808085224, vstest.console.dll, TcpClientExtensions.MessageLoopAsync: NotifyDataAvailable remoteEndPoint: 127.0.0.1:56510 localEndPoint: 127.0.0.1:56508
TpTrace Verbose: 0 : 23624, 7, 2023/11/26, 10:41:41.082, 131808088440, vstest.console.dll, TestRequestSender.OnExecutionMessageReceived: Received message: {"Version":7,"MessageType":"TestSession.Message","Payload":{"MessageLevel":0,"Message":"Logging TestHost Diagnostics in file: E:\\Oral_Data_Produccion\\OralData\\OralData.UnitTest\\bin\\Debug\\net7.0\\fine-code-coverage\\coverage-tool-output\\diagnostics.host.23-11-26_10-41-40_15296_5.log"}}
TpTrace Verbose: 0 : 23624, 7, 2023/11/26, 10:41:41.086, 131808125825, vstest.console.dll, TestRunRequest:SendTestRunMessage: Starting.
TpTrace Verbose: 0 : 23624, 7, 2023/11/26, 10:41:41.086, 131808128534, vstest.console.dll, MulticastDelegateUtilities.SafeInvoke: TestRun.LogMessages: Invoking callback 1/1 for Microsoft.VisualStudio.TestPlatform.CommandLine.TestRunResultAggregator., took 0 ms.
TpTrace Information: 0 : 23624, 7, 2023/11/26, 10:41:41.087, 131808129189, vstest.console.dll, TestRunRequest:SendTestRunMessage: Completed.
TpTrace Verbose: 0 : 23624, 7, 2023/11/26, 10:41:41.087, 131808129723, vstest.console.dll, MulticastDelegateUtilities.SafeInvoke: LengthPrefixCommunicationChannel: MessageReceived: Invoking callback 1/1 for Microsoft.VisualStudio.TestPlatform.CommunicationUtilities.TestRequestSender+<>c__DisplayClass34_0., took 4 ms.
TpTrace Verbose: 0 : 23624, 7, 2023/11/26, 10:41:41.087, 131808130138, vstest.console.dll, TcpClientExtensions.MessageLoopAsync: Polling on remoteEndPoint: 127.0.0.1:56510 localEndPoint: 127.0.0.1:56508
TpTrace Verbose: 0 : 23624, 4, 2023/11/26, 10:41:41.087, 131808131854, vstest.console.dll, MulticastDelegateUtilities.SafeInvoke: InternalTestLoggerEvents.SendTestRunMessage: Invoking callback 1/1 for Microsoft.VisualStudio.TestPlatform.CommandLine.Internal.ConsoleLogger., took 0 ms.
TpTrace Verbose: 0 : 23624, 7, 2023/11/26, 10:41:42.101, 131818274806, vstest.console.dll, TcpClientExtensions.MessageLoopAsync: Polling on remoteEndPoint: 127.0.0.1:56510 localEndPoint: 127.0.0.1:56508
TpTrace Verbose: 0 : 23624, 7, 2023/11/26, 10:41:42.839, 131825655103, vstest.console.dll, TcpClientExtensions.MessageLoopAsync: NotifyDataAvailable remoteEndPoint: 127.0.0.1:56510 localEndPoint: 127.0.0.1:56508
TpTrace Verbose: 0 : 23624, 7, 2023/11/26, 10:41:42.840, 131825660797, vstest.console.dll, TestRequestSender.OnExecutionMessageReceived: Received message: {"Version":7,"MessageType":"TestExecution.StatsChange","Payload":{"NewTestResults":[],"TestRunStatistics":{"ExecutedTests":0,"Stats":{}},"ActiveTests":[{"Id":"01cf25cf-1596-31f8-fd7e-78512a9622c0","FullyQualifiedName":"OralData.UnitTest.Controllers.GenericControllerTest.GetAsync_ReturnsOkResult","DisplayName":"GetAsync_ReturnsOkResult","ExecutorUri":"executor://MSTestAdapter/v2","Source":"E:\\Oral_Data_Produccion\\OralData\\OralData.UnitTest\\bin\\Debug\\net7.0\\fine-code-coverage\\build-output\\OralData.UnitTest.dll","CodeFilePath":null,"LineNumber":-1,"Properties":[{"Key":{"Id":"TestCase.ManagedMethod","Label":"ManagedMethod","Category":"","Description":"","Attributes":1,"ValueType":"System.String"},"Value":"GetAsync_ReturnsOkResult"},{"Key":{"Id":"TestCase.ManagedType","Label":"ManagedType","Category":"","Description":"","Attributes":1,"ValueType":"System.String"},"Value":"OralData.UnitTest.Controllers.GenericControllerTest"},{"Key":{"Id":"TestObject.Traits","Label":"Traits","Category":"","Description":"","Attributes":5,"ValueType":"System.Collections.Generic.KeyValuePair`2[[System.String],[System.String]][]"},"Value":[]},{"Key":{"Id":"TestCase.Hierarchy","Label":"Hierarchy","Category":"","Description":"","Attributes":2,"ValueType":"System.String[]"},"Value":["OralData.UnitTest.Controllers","GenericControllerTest"]},{"Key":{"Id":"MSTestDiscoverer.TestClassName","Label":"ClassName","Category":"","Description":"","Attributes":1,"ValueType":"System.String"},"Value":"OralData.UnitTest.Controllers.GenericControllerTest"}]}]}}
TpTrace Verbose: 0 : 23624, 7, 2023/11/26, 10:41:42.891, 131826172707, vstest.console.dll, TestRunRequest:SendTestRunStatsChange: Starting.
TpTrace Verbose: 0 : 23624, 7, 2023/11/26, 10:41:42.891, 131826176048, vstest.console.dll, InProgress is GetAsync_ReturnsOkResult
TpTrace Verbose: 0 : 23624, 7, 2023/11/26, 10:41:42.891, 131826177774, vstest.console.dll, MulticastDelegateUtilities.SafeInvoke: TestRun.RunStatsChanged: Invoking callbacks was skipped because there are no subscribers.
TpTrace Information: 0 : 23624, 7, 2023/11/26, 10:41:42.891, 131826178473, vstest.console.dll, TestRunRequest:SendTestRunStatsChange: Completed.
TpTrace Verbose: 0 : 23624, 7, 2023/11/26, 10:41:42.892, 131826178864, vstest.console.dll, MulticastDelegateUtilities.SafeInvoke: LengthPrefixCommunicationChannel: MessageReceived: Invoking callback 1/1 for Microsoft.VisualStudio.TestPlatform.CommunicationUtilities.TestRequestSender+<>c__DisplayClass34_0., took 52 ms.
TpTrace Verbose: 0 : 23624, 7, 2023/11/26, 10:41:42.892, 131826179238, vstest.console.dll, TcpClientExtensions.MessageLoopAsync: Polling on remoteEndPoint: 127.0.0.1:56510 localEndPoint: 127.0.0.1:56508
TpTrace Verbose: 0 : 23624, 7, 2023/11/26, 10:41:43.903, 131836292195, vstest.console.dll, TcpClientExtensions.MessageLoopAsync: Polling on remoteEndPoint: 127.0.0.1:56510 localEndPoint: 127.0.0.1:56508
TpTrace Verbose: 0 : 23624, 7, 2023/11/26, 10:41:44.871, 131845975794, vstest.console.dll, TcpClientExtensions.MessageLoopAsync: NotifyDataAvailable remoteEndPoint: 127.0.0.1:56510 localEndPoint: 127.0.0.1:56508
TpTrace Verbose: 0 : 23624, 7, 2023/11/26, 10:41:44.872, 131845978669, vstest.console.dll, TestRequestSender.OnExecutionMessageReceived: Received message: {"Version":7,"MessageType":"TestExecution.StatsChange","Payload":{"NewTestResults":[{"TestCase":{"Id":"01cf25cf-1596-31f8-fd7e-78512a9622c0","FullyQualifiedName":"OralData.UnitTest.Controllers.GenericControllerTest.GetAsync_ReturnsOkResult","DisplayName":"GetAsync_ReturnsOkResult","ExecutorUri":"executor://MSTestAdapter/v2","Source":"E:\\Oral_Data_Produccion\\OralData\\OralData.UnitTest\\bin\\Debug\\net7.0\\fine-code-coverage\\build-output\\OralData.UnitTest.dll","CodeFilePath":null,"LineNumber":-1,"Properties":[{"Key":{"Id":"TestCase.ManagedMethod","Label":"ManagedMethod","Category":"","Description":"","Attributes":1,"ValueType":"System.String"},"Value":"GetAsync_ReturnsOkResult"},{"Key":{"Id":"TestCase.ManagedType","Label":"ManagedType","Category":"","Description":"","Attributes":1,"ValueType":"System.String"},"Value":"OralData.UnitTest.Controllers.GenericControllerTest"},{"Key":{"Id":"TestObject.Traits","Label":"Traits","Category":"","Description":"","Attributes":5,"ValueType":"System.Collections.Generic.KeyValuePair`2[[System.String],[System.String]][]"},"Value":[]},{"Key":{"Id":"TestCase.Hierarchy","Label":"Hierarchy","Category":"","Description":"","Attributes":2,"ValueType":"System.String[]"},"Value":["OralData.UnitTest.Controllers","GenericControllerTest"]},{"Key":{"Id":"MSTestDiscoverer.TestClassName","Label":"ClassName","Category":"","Description":"","Attributes":1,"ValueType":"System.String"},"Value":"OralData.UnitTest.Controllers.GenericControllerTest"}]},"Attachments":[],"Outcome":1,"ErrorMessage":null,"ErrorStackTrace":null,"DisplayName":"GetAsync_ReturnsOkResult","Messages":[],"ComputerName":null,"Duration":"00:00:02.7656485","StartTime":"2023-11-26T10:41:42.0076523-05:00","EndTime":"2023-11-26T10:41:44.8008885-05:00","Properties":[{"Key":{"Id":"ParentExecId","Label":"ParentExecId","Category":"","Description":"","Attributes":1,"ValueType":"System.Guid"},"Value":"00000000-0000-0000-0000-000000000000"},{"Key":{"Id":"ExecutionId","Label":"ExecutionId","Category":"","Description":"","Attributes":1,"ValueType":"System.Guid"},"Value":"00000000-0000-0000-0000-000000000000"},{"Key":{"Id":"InnerResultsCount","Label":"InnerResultsCount","Category":"","Description":"","Attributes":1,"ValueType":"System.Int32"},"Value":0}]}],"TestRunStatistics":{"ExecutedTests":1,"Stats":{"Passed":1}},"ActiveTests":[{"Id":"d52d1601-685e-e907-427d-0eac0a56d82c","FullyQualifiedName":"OralData.UnitTest.Controllers.SpecialtieControllerTest.GetAsync_ReturnsOkResult","DisplayName":"GetAsync_ReturnsOkResult","ExecutorUri":"executor://MSTestAdapter/v2","Source":"E:\\Oral_Data_Produccion\\OralData\\OralData.UnitTest\\bin\\Debug\\net7.0\\fine-code-coverage\\build-output\\OralData.UnitTest.dll","CodeFilePath":null,"LineNumber":-1,"Properties":[{"Key":{"Id":"TestCase.ManagedMethod","Label":"ManagedMethod","Category":"","Description":"","Attributes":1,"ValueType":"System.String"},"Value":"GetAsync_ReturnsOkResult"},{"Key":{"Id":"TestCase.ManagedType","Label":"ManagedType","Category":"","Description":"","Attributes":1,"ValueType":"System.String"},"Value":"OralData.UnitTest.Controllers.SpecialtieControllerTest"},{"Key":{"Id":"TestObject.Traits","Label":"Traits","Category":"","Description":"","Attributes":5,"ValueType":"System.Collections.Generic.KeyValuePair`2[[System.String],[System.String]][]"},"Value":[]},{"Key":{"Id":"TestCase.Hierarchy","Label":"Hierarchy","Category":"","Description":"","Attributes":2,"ValueType":"System.String[]"},"Value":["OralData.UnitTest.Controllers","SpecialtieControllerTest"]},{"Key":{"Id":"MSTestDiscoverer.TestClassName","Label":"ClassName","Category":"","Description":"","Attributes":1,"ValueType":"System.String"},"Value":"OralData.UnitTest.Controllers.SpecialtieControllerTest"}]}]}}
TpTrace Verbose: 0 : 23624, 7, 2023/11/26, 10:41:44.886, 131846119788, vstest.console.dll, TestRunRequest:SendTestRunStatsChange: Starting.
TpTrace Verbose: 0 : 23624, 7, 2023/11/26, 10:41:44.886, 131846121394, vstest.console.dll, InProgress is GetAsync_ReturnsOkResult
TpTrace Verbose: 0 : 23624, 7, 2023/11/26, 10:41:44.886, 131846124897, vstest.console.dll, MulticastDelegateUtilities.SafeInvoke: TestRun.RunStatsChanged: Invoking callbacks was skipped because there are no subscribers.
TpTrace Information: 0 : 23624, 7, 2023/11/26, 10:41:44.886, 131846125547, vstest.console.dll, TestRunRequest:SendTestRunStatsChange: Completed.
TpTrace Verbose: 0 : 23624, 7, 2023/11/26, 10:41:44.886, 131846125922, vstest.console.dll, MulticastDelegateUtilities.SafeInvoke: LengthPrefixCommunicationChannel: MessageReceived: Invoking callback 1/1 for Microsoft.VisualStudio.TestPlatform.CommunicationUtilities.TestRequestSender+<>c__DisplayClass34_0., took 14 ms.
TpTrace Verbose: 0 : 23624, 7, 2023/11/26, 10:41:44.886, 131846126533, vstest.console.dll, TcpClientExtensions.MessageLoopAsync: Polling on remoteEndPoint: 127.0.0.1:56510 localEndPoint: 127.0.0.1:56508
TpTrace Verbose: 0 : 23624, 4, 2023/11/26, 10:41:44.891, 131846173297, vstest.console.dll, MulticastDelegateUtilities.SafeInvoke: InternalTestLoggerEvents.SendTestResult: Invoking callback 1/1 for Microsoft.VisualStudio.TestPlatform.CommandLine.Internal.ConsoleLogger., took 4 ms.
TpTrace Verbose: 0 : 23624, 7, 2023/11/26, 10:41:45.066, 131847919486, vstest.console.dll, TcpClientExtensions.MessageLoopAsync: NotifyDataAvailable remoteEndPoint: 127.0.0.1:56510 localEndPoint: 127.0.0.1:56508
TpTrace Verbose: 0 : 23624, 7, 2023/11/26, 10:41:45.066, 131847922096, vstest.console.dll, TestRequestSender.OnExecutionMessageReceived: Received message: {"Version":7,"MessageType":"TestExecution.Completed","Payload":{"TestRunCompleteArgs":{"TestRunStatistics":{"ExecutedTests":3,"Stats":{"Passed":3}},"IsCanceled":false,"IsAborted":false,"Error":null,"AttachmentSets":[],"InvokedDataCollectors":[],"ElapsedTimeInRunningTests":"00:00:03.6244024","Metrics":{},"DiscoveredExtensions":{"TestDiscoverers":["Microsoft.VisualStudio.TestPlatform.MSTest.TestAdapter.MSTestDiscoverer, Microsoft.VisualStudio.TestPlatform.MSTest.TestAdapter, Version=14.0.0.0, Culture=neutral, PublicKeyToken=b03f5f7f11d50a3a"],"TestExecutors":["executor://MSTestAdapter/v2"],"TestExecutors2":[],"TestSettingsProviders":[]}},"LastRunTests":{"NewTestResults":[{"TestCase":{"Id":"d52d1601-685e-e907-427d-0eac0a56d82c","FullyQualifiedName":"OralData.UnitTest.Controllers.SpecialtieControllerTest.GetAsync_ReturnsOkResult","DisplayName":"GetAsync_ReturnsOkResult","ExecutorUri":"executor://MSTestAdapter/v2","Source":"E:\\Oral_Data_Produccion\\OralData\\OralData.UnitTest\\bin\\Debug\\net7.0\\fine-code-coverage\\build-output\\OralData.UnitTest.dll","CodeFilePath":null,"LineNumber":-1,"Properties":[{"Key":{"Id":"TestCase.ManagedMethod","Label":"ManagedMethod","Category":"","Description":"","Attributes":1,"ValueType":"System.String"},"Value":"GetAsync_ReturnsOkResult"},{"Key":{"Id":"TestCase.ManagedType","Label":"ManagedType","Category":"","Description":"","Attributes":1,"ValueType":"System.String"},"Value":"OralData.UnitTest.Controllers.SpecialtieControllerTest"},{"Key":{"Id":"TestObject.Traits","Label":"Traits","Category":"","Description":"","Attributes":5,"ValueType":"System.Collections.Generic.KeyValuePair`2[[System.String],[System.String]][]"},"Value":[]},{"Key":{"Id":"TestCase.Hierarchy","Label":"Hierarchy","Category":"","Description":"","Attributes":2,"ValueType":"System.String[]"},"Value":["OralData.UnitTest.Controllers","SpecialtieControllerTest"]},{"Key":{"Id":"MSTestDiscoverer.TestClassName","Label":"ClassName","Category":"","Description":"","Attributes":1,"ValueType":"System.String"},"Value":"OralData.UnitTest.Controllers.SpecialtieControllerTest"}]},"Attachments":[],"Outcome":1,"ErrorMessage":null,"ErrorStackTrace":null,"DisplayName":"GetAsync_ReturnsOkResult","Messages":[],"ComputerName":null,"Duration":"00:00:00.0586058","StartTime":"2023-11-26T10:41:44.8746465-05:00","EndTime":"2023-11-26T10:41:44.9345578-05:00","Properties":[{"Key":{"Id":"ParentExecId","Label":"ParentExecId","Category":"","Description":"","Attributes":1,"ValueType":"System.Guid"},"Value":"00000000-0000-0000-0000-000000000000"},{"Key":{"Id":"ExecutionId","Label":"ExecutionId","Category":"","Description":"","Attributes":1,"ValueType":"System.Guid"},"Value":"00000000-0000-0000-0000-000000000000"},{"Key":{"Id":"InnerResultsCount","Label":"InnerResultsCount","Category":"","Description":"","Attributes":1,"ValueType":"System.Int32"},"Value":0}]},{"TestCase":{"Id":"ce5ab027-b261-5099-b6d0-c00c2a5447d6","FullyQualifiedName":"OralData.UnitTest.Controllers.SpecialtieControllerTest.GetPagesAsync_ReturnsOkResult","DisplayName":"GetPagesAsync_ReturnsOkResult","ExecutorUri":"executor://MSTestAdapter/v2","Source":"E:\\Oral_Data_Produccion\\OralData\\OralData.UnitTest\\bin\\Debug\\net7.0\\fine-code-coverage\\build-output\\OralData.UnitTest.dll","CodeFilePath":null,"LineNumber":-1,"Properties":[{"Key":{"Id":"TestCase.ManagedMethod","Label":"ManagedMethod","Category":"","Description":"","Attributes":1,"ValueType":"System.String"},"Value":"GetPagesAsync_ReturnsOkResult"},{"Key":{"Id":"TestCase.ManagedType","Label":"ManagedType","Category":"","Description":"","Attributes":1,"ValueType":"System.String"},"Value":"OralData.UnitTest.Controllers.SpecialtieControllerTest"},{"Key":{"Id":"TestObject.Traits","Label":"Traits","Category":"","Description":"","Attributes":5,"ValueType":"System.Collections.Generic.KeyValuePair`2[[System.String],[System.String]][]"},"Value":[]},{"Key":{"Id":"TestCase.Hierarchy","Label":"Hierarchy","Category":"","Description":"","Attributes":2,"ValueType":"System.String[]"},"Value":["OralData.UnitTest.Controllers","SpecialtieControllerTest"]},{"Key":{"Id":"MSTestDiscoverer.TestClassName","Label":"ClassName","Category":"","Description":"","Attributes":1,"ValueType":"System.String"},"Value":"OralData.UnitTest.Controllers.SpecialtieControllerTest"}]},"Attachments":[],"Outcome":1,"ErrorMessage":null,"ErrorStackTrace":null,"DisplayName":"GetPagesAsync_ReturnsOkResult","Messages":[],"ComputerName":null,"Duration":"00:00:00.0435719","StartTime":"2023-11-26T10:41:44.9471312-05:00","EndTime":"2023-11-26T10:41:44.9911598-05:00","Properties":[{"Key":{"Id":"ParentExecId","Label":"ParentExecId","Category":"","Description":"","Attributes":1,"ValueType":"System.Guid"},"Value":"00000000-0000-0000-0000-000000000000"},{"Key":{"Id":"ExecutionId","Label":"ExecutionId","Category":"","Description":"","Attributes":1,"ValueType":"System.Guid"},"Value":"00000000-0000-0000-0000-000000000000"},{"Key":{"Id":"InnerResultsCount","Label":"InnerResultsCount","Category":"","Description":"","Attributes":1,"ValueType":"System.Int32"},"Value":0}]}],"TestRunStatistics":{"ExecutedTests":3,"Stats":{"Passed":3}},"ActiveTests":[]},"RunAttachments":[],"ExecutorUris":["executor://mstestadapter/v2"]}}
TpTrace Verbose: 0 : 23624, 7, 2023/11/26, 10:41:45.066, 131847924031, vstest.console.dll, TestRequestSender.EndSession: Sending end session.
TpTrace Verbose: 0 : 23624, 7, 2023/11/26, 10:41:45.066, 131847926639, vstest.console.dll, ProxyOperationManager.Close: waiting for test host to exit for 100 ms
TpTrace Verbose: 0 : 23624, 11, 2023/11/26, 10:41:45.102, 131848283550, vstest.console.dll, TestHostManagerCallbacks.ctor: Experimental forwarding output is disabled.
TpTrace Warning: 0 : 23624, 11, 2023/11/26, 10:41:45.102, 131848285033, vstest.console.dll, TestHostManagerCallbacks.ErrorReceivedCallback Test host standard error line: 
TpTrace Verbose: 0 : 23624, 11, 2023/11/26, 10:41:45.118, 131848445778, vstest.console.dll, TestHostProvider.ExitCallBack: Host exited starting callback.
TpTrace Information: 0 : 23624, 11, 2023/11/26, 10:41:45.119, 131848450147, vstest.console.dll, TestHostManagerCallbacks.ExitCallBack: Testhost processId: 6216 exited with exitcode: 0 error: ''
TpTrace Verbose: 0 : 23624, 11, 2023/11/26, 10:41:45.119, 131848451956, vstest.console.dll, DotnetTestHostManager.OnHostExited: invoking OnHostExited callback
TpTrace Verbose: 0 : 23624, 11, 2023/11/26, 10:41:45.119, 131848452895, vstest.console.dll, CrossPlatEngine.TestHostManagerHostExited: calling on client process exit callback.
TpTrace Information: 0 : 23624, 11, 2023/11/26, 10:41:45.119, 131848453889, vstest.console.dll, TestRequestSender.OnClientProcessExit: Test host process exited. Standard error: 
TpTrace Information: 0 : 23624, 7, 2023/11/26, 10:41:45.119, 131848455009, vstest.console.dll, SocketServer.Stop: Stop server endPoint: 127.0.0.1:56508
TpTrace Information: 0 : 23624, 11, 2023/11/26, 10:41:45.119, 131848455942, vstest.console.dll, SocketServer.Stop: Stop server endPoint: 127.0.0.1:56508
TpTrace Information: 0 : 23624, 7, 2023/11/26, 10:41:45.119, 131848456236, vstest.console.dll, SocketServer.Stop: Cancellation requested. Stopping message loop.
TpTrace Information: 0 : 23624, 11, 2023/11/26, 10:41:45.119, 131848456985, vstest.console.dll, SocketServer.Stop: Cancellation requested. Stopping message loop.
TpTrace Verbose: 0 : 23624, 11, 2023/11/26, 10:41:45.120, 131848458762, vstest.console.dll, MulticastDelegateUtilities.SafeInvoke: HostProviderEvents.OnHostExited: Invoking callback 1/1 for Microsoft.VisualStudio.TestPlatform.CrossPlatEngine.Client.ProxyOperationManager., took 0 ms.
TpTrace Information: 0 : 23624, 7, 2023/11/26, 10:41:45.120, 131848459095, vstest.console.dll, Closing the connection
TpTrace Verbose: 0 : 23624, 7, 2023/11/26, 10:41:45.120, 131848463443, vstest.console.dll, ProxyDataCollectionManager.InvokeDataCollectionServiceAction: Starting.
TpTrace Information: 0 : 23624, 7, 2023/11/26, 10:41:45.120, 131848464126, vstest.console.dll, ProxyDataCollectionManager.AfterTestRunEnd: Get attachment set and invoked data collectors processId: 2172 port: 56502
TpTrace Verbose: 0 : 23624, 7, 2023/11/26, 10:41:45.120, 131848464881, vstest.console.dll, DataCollectionRequestSender.SendAfterTestRunStartAndGetResult: Send AfterTestRunEnd message with isCancelled: False
TpTrace Verbose: 0 : 23624, 7, 2023/11/26, 10:41:45.132, 131848580428, vstest.console.dll, DataCollectionRequestSender.SendAfterTestRunStartAndGetResult: Received message: (DataCollection.AfterTestRunEndResult) -> {"MessageType":"DataCollection.AfterTestRunEndResult","Payload":{"AttachmentSets":[],"InvokedDataCollectors":[{"Uri":"datacollector://Microsoft/TestPlatform/Extensions/Blame/v1","FriendlyName":"Blame","AssemblyQualifiedName":"Microsoft.TestPlatform.Extensions.BlameDataCollector.BlameCollector, Microsoft.TestPlatform.Extensions.BlameDataCollector, Version=15.0.0.0, Culture=neutral, PublicKeyToken=b03f5f7f11d50a3a","FilePath":"C:\\Program Files\\dotnet\\sdk\\7.0.403\\Extensions\\Microsoft.TestPlatform.Extensions.BlameDataCollector.dll","HasAttachmentProcessor":false}],"Metrics":{}}}
TpTrace Information: 0 : 23624, 7, 2023/11/26, 10:41:45.143, 131848691885, vstest.console.dll, ProxyDataCollectionManager.InvokeDataCollectionServiceAction: Completed.
TpTrace Warning: 0 : 23624, 10, 2023/11/26, 10:41:45.153, 131848791284, vstest.console.dll, DataCollectionLauncher.ErrorReceivedCallback datacollector standard error line: 
TpTrace Information: 0 : 23624, 10, 2023/11/26, 10:41:45.162, 131848884569, vstest.console.dll, DataCollectionLauncher.ExitCallBack: Data collector exited with exitcode: 0 error: ''
TpTrace Verbose: 0 : 23624, 7, 2023/11/26, 10:41:45.214, 131849403448, vstest.console.dll, TestRunRequest:SendTestRunStatsChange: Starting.
TpTrace Verbose: 0 : 23624, 7, 2023/11/26, 10:41:45.214, 131849405185, vstest.console.dll, MulticastDelegateUtilities.SafeInvoke: TestRun.RunStatsChanged: Invoking callbacks was skipped because there are no subscribers.
TpTrace Verbose: 0 : 23624, 4, 2023/11/26, 10:41:45.214, 131849406477, vstest.console.dll, MulticastDelegateUtilities.SafeInvoke: InternalTestLoggerEvents.SendTestResult: Invoking callback 1/1 for Microsoft.VisualStudio.TestPlatform.CommandLine.Internal.ConsoleLogger., took 0 ms.
TpTrace Information: 0 : 23624, 7, 2023/11/26, 10:41:45.214, 131849406339, vstest.console.dll, TestRunRequest:SendTestRunStatsChange: Completed.
TpTrace Verbose: 0 : 23624, 4, 2023/11/26, 10:41:45.215, 131849410059, vstest.console.dll, MulticastDelegateUtilities.SafeInvoke: InternalTestLoggerEvents.SendTestResult: Invoking callback 1/1 for Microsoft.VisualStudio.TestPlatform.CommandLine.Internal.ConsoleLogger., took 0 ms.
TpTrace Verbose: 0 : 23624, 7, 2023/11/26, 10:41:45.216, 131849418703, vstest.console.dll, ParallelProxyExecutionManager: HandlePartialRunComplete: Total workloads = 1, Total started clients = 1 Total completed clients = 1, Run complete = True, Run canceled: False.
TpTrace Verbose: 0 : 23624, 7, 2023/11/26, 10:41:45.216, 131849419941, vstest.console.dll, ParallelProxyExecutionManager: HandlePartialRunComplete: All runs completed stopping all managers.
TpTrace Verbose: 0 : 23624, 7, 2023/11/26, 10:41:45.216, 131849422202, vstest.console.dll, ParallelOperationManager.StopAllManagers: Stopping all managers.
TpTrace Verbose: 0 : 23624, 7, 2023/11/26, 10:41:45.216, 131849424006, vstest.console.dll, ParallelOperationManager.ClearSlots: Clearing all slots. Slots should accept more work: False
TpTrace Verbose: 0 : 23624, 7, 2023/11/26, 10:41:45.216, 131849425904, vstest.console.dll, ParallelOperationManager.SetOccupiedSlotCount: Setting slot counts AvailableSlotCount = 1, OccupiedSlotCount = 0.
TpTrace Verbose: 0 : 23624, 7, 2023/11/26, 10:41:45.216, 131849428099, vstest.console.dll, Occupied slots:

TpTrace Verbose: 0 : 23624, 4, 2023/11/26, 10:41:45.233, 131849589766, vstest.console.dll, MulticastDelegateUtilities.SafeInvoke: InternalTestLoggerEvents.SendTestRunComplete: Invoking callback 1/2 for Microsoft.TestPlatform.Extensions.BlameDataCollector.BlameLogger., took 0 ms.
TpTrace Verbose: 0 : 23624, 4, 2023/11/26, 10:41:45.241, 131849678463, vstest.console.dll, MulticastDelegateUtilities.SafeInvoke: InternalTestLoggerEvents.SendTestRunComplete: Invoking callback 2/2 for Microsoft.VisualStudio.TestPlatform.CommandLine.Internal.ConsoleLogger., took 8 ms.
TpTrace Verbose: 0 : 23624, 7, 2023/11/26, 10:41:45.242, 131849686374, vstest.console.dll, TestRunRequest:TestRunComplete: Starting. IsAborted:False IsCanceled:False.
TpTrace Verbose: 0 : 23624, 7, 2023/11/26, 10:41:45.243, 131849692147, vstest.console.dll, ParallelOperationManager.DoActionOnAllManagers: Calling an action on all managers.
TpTrace Verbose: 0 : 23624, 7, 2023/11/26, 10:41:45.247, 131849728745, vstest.console.dll, TestLoggerManager.HandleTestRunComplete: Ignoring as the object is disposed.
TpTrace Verbose: 0 : 23624, 7, 2023/11/26, 10:41:45.247, 131849735285, vstest.console.dll, MulticastDelegateUtilities.SafeInvoke: TestRun.TestRunComplete: Invoking callback 1/2 for Microsoft.VisualStudio.TestPlatform.CommandLine.TestRunResultAggregator., took 0 ms.
TpTrace Verbose: 0 : 23624, 7, 2023/11/26, 10:41:45.248, 131849738792, vstest.console.dll, MulticastDelegateUtilities.SafeInvoke: TestRun.TestRunComplete: Invoking callback 2/2 for Microsoft.VisualStudio.TestPlatform.CommandLine.Processors.RunTestsArgumentExecutor+TestRunRequestEventsRegistrar., took 0 ms.
TpTrace Information: 0 : 23624, 7, 2023/11/26, 10:41:45.248, 131849743252, vstest.console.dll, TestRunRequest:TestRunComplete: Completed.
TpTrace Verbose: 0 : 23624, 1, 2023/11/26, 10:41:45.248, 131849743384, vstest.console.dll, TestRunRequest.Dispose: Starting.
TpTrace Verbose: 0 : 23624, 7, 2023/11/26, 10:41:45.248, 131849744408, vstest.console.dll, TestRequestSender.SetOperationComplete: Setting operation complete.
TpTrace Information: 0 : 23624, 1, 2023/11/26, 10:41:45.248, 131849745461, vstest.console.dll, TestRunRequest.Dispose: Completed.
TpTrace Information: 0 : 23624, 7, 2023/11/26, 10:41:45.248, 131849746173, vstest.console.dll, SocketServer.Stop: Stop server endPoint: 127.0.0.1:56508
TpTrace Information: 0 : 23624, 1, 2023/11/26, 10:41:45.248, 131849747231, vstest.console.dll, TestRequestManager.RunTests: run tests completed.
TpTrace Information: 0 : 23624, 7, 2023/11/26, 10:41:45.248, 131849747874, vstest.console.dll, SocketServer.Stop: Cancellation requested. Stopping message loop.
TpTrace Verbose: 0 : 23624, 7, 2023/11/26, 10:41:45.249, 131849748787, vstest.console.dll, MulticastDelegateUtilities.SafeInvoke: LengthPrefixCommunicationChannel: MessageReceived: Invoking callback 1/1 for Microsoft.VisualStudio.TestPlatform.CommunicationUtilities.TestRequestSender+<>c__DisplayClass34_0., took 182 ms.
TpTrace Information: 0 : 23624, 1, 2023/11/26, 10:41:45.249, 131849749625, vstest.console.dll, RunTestsArgumentProcessor:Execute: Test run is completed.
TpTrace Information: 0 : 23624, 7, 2023/11/26, 10:41:45.249, 131849749679, vstest.console.dll, SocketServer.PrivateStop: Stopping server endPoint: 127.0.0.1:56508 error: 
TpTrace Verbose: 0 : 23624, 1, 2023/11/26, 10:41:45.249, 131849752769, vstest.console.dll, Executor.Execute: Exiting with exit code of 0
TpTrace Verbose: 0 : 23624, 7, 2023/11/26, 10:41:45.250, 131849758868, vstest.console.dll, LengthPrefixCommunicationChannel.Dispose: Dispose reader and writer.
